  60
 Input geometry
H     8.60477937    21.32480269     6.43185966
H    10.06985696    20.92086000     6.16590279
H    10.01770522    22.39306379     7.91896832
H    10.45876370    23.04330494     9.26072619
H    13.09588657    23.17457479     5.85943393
H    13.51085274    23.00226974     4.39196302
H    13.85092770    24.18523018     8.46521415
H    15.21239478    23.57599356     8.89997587
H    11.68954184    23.89594359     7.56943984
H    12.28990227    25.18383049     6.96773008
H     8.69515699    17.84572259     7.26812601
H     9.34696620    19.23785865     7.35608866
H    10.13890771    17.30013661    10.55504254
H    10.18758178    18.06573421     9.23146832
H    12.44973876    17.38158638     9.86385118
H    13.92906579    17.52211038    10.26840214
H    15.55961091    18.14406053    12.03465957
H    14.59598643    19.30545563    11.74474846
H    13.74332514    16.89126701     8.03373822
H    14.04009200    15.92480546     6.88075863
H    10.26494484    23.46400081    11.60997843
H    11.70946076    23.07364288    11.25931137
H    10.80520567    19.47596264    11.25140150
H    10.69892364    20.98345566    11.56759851
H    12.72146978    20.37868242    12.30996823
H    13.76502267    21.46042805    12.01838347
H    13.87561849    23.61448108    10.65299240
H    13.83097955    23.84389860    12.18089734
H    15.03627963    21.67421812     5.64055116
H    15.84686395    20.43937347     6.06483622
H    15.40816122    17.98034978     6.85509167
H    16.84762904    18.20271628     6.37898408
H    16.23357346    19.41391700    10.07247049
H    16.59801563    19.35489575     8.58556818
H    16.39434149    22.17383466     7.49767396
H    16.61333708    21.63008404     8.90052280
H    11.58356835    19.72908622     5.17731054
H    12.04995646    21.21463186     5.07325581
H    12.45946576    17.62437642     6.13019364
H    10.96975744    17.93228920     6.34781274
O     9.38165071    20.97678974     6.87153371
O    10.33912048    23.21505337     8.31550066
O    13.37491609    22.50994089     5.20272865
O    14.49246099    24.16643906     9.18771829
O    12.49916195    24.26769895     7.14984927
O     9.49492145    18.29257412     7.55030071
O    10.63055145    17.98092374    10.09170017
O    13.32577234    17.00959652     9.71126806
O    15.07888220    18.56370709    11.32161212
O    13.94697827    16.85716028     7.07622871
O    10.77548012    22.86569594    11.06278068
O    10.94031102    20.13103907    11.94917593
O    13.66669672    20.58430983    12.41054689
O    13.47131753    23.28805085    11.48995963
O    15.93436010    21.36615343     5.81713595
O    16.12379121    18.63492880     6.83410080
O    16.80361604    19.82007828     9.40654102
O    16.51394439    22.46296146     8.41492229
O    11.27276496    20.63922547     5.03696693
O    11.67760419    17.98391733     5.69085688
  60
 Move to center-of-mass
H    -4.37043571     0.74748657    -2.09648077
H    -2.90535812     0.34354388    -2.36243764
H    -2.95750986     1.81574767    -0.60937211
H    -2.51645138     2.46598882     0.73238576
H     0.12067149     2.59725867    -2.66890650
H     0.53563766     2.42495362    -4.13637741
H     0.87571262     3.60791406    -0.06312628
H     2.23717970     2.99867744     0.37163544
H    -1.28567324     3.31862747    -0.95890059
H    -0.68531281     4.60651437    -1.56061035
H    -4.28005809    -2.73159353    -1.26021442
H    -3.62824888    -1.33945747    -1.17225177
H    -2.83630737    -3.27717951     2.02670211
H    -2.78763330    -2.51158191     0.70312789
H    -0.52547632    -3.19572974     1.33551075
H     0.95385071    -3.05520574     1.74006171
H     2.58439583    -2.43325559     3.50631914
H     1.62077135    -1.27186049     3.21640803
H     0.76811006    -3.68604911    -0.49460221
H     1.06487692    -4.65251066    -1.64758180
H    -2.71027024     2.88668469     3.08163800
H    -1.26575432     2.49632676     2.73097094
H    -2.17000941    -1.10135348     2.72306107
H    -2.27629144     0.40613954     3.03925808
H    -0.25374530    -0.19863370     3.78162780
H     0.78980759     0.88311193     3.49004304
H     0.90040341     3.03716496     2.12465197
H     0.85576447     3.26658248     3.65255691
H     2.06106455     1.09690200    -2.88778927
H     2.87164887    -0.13794265    -2.46350421
H     2.43294614    -2.59696634    -1.67324876
H     3.87241396    -2.37459984    -2.14935635
H     3.25835838    -1.16339912     1.54413006
H     3.62280055    -1.22242037     0.05722775
H     3.41912641     1.59651854    -1.03066647
H     3.63812200     1.05276792     0.37218237
H    -1.39164673    -0.84822990    -3.35102989
H    -0.92525862     0.63731574    -3.45508462
H    -0.51574932    -2.95293970    -2.39814679
H    -2.00545764    -2.64502692    -2.18052769
O    -3.59356437     0.39947362    -1.65680672
O    -2.63609460     2.63773725    -0.21283977
O     0.39970101     1.93262477    -3.32561178
O     1.51724591     3.58912294     0.65937786
O    -0.47605313     3.69038283    -1.37849116
O    -3.48029363    -2.28474200    -0.97803972
O    -2.34466363    -2.59639238     1.56335974
O     0.35055726    -3.56771960     1.18292763
O     2.10366712    -2.01360903     2.79327169
O     0.97176319    -3.72015584    -1.45211172
O    -2.19973496     2.28837982     2.53444025
O    -2.03490406    -0.44627705     3.42083550
O     0.69148164     0.00699371     3.88220646
O     0.49610245     2.71073473     2.96161920
O     2.95914502     0.78883731    -2.71120448
O     3.14857613    -1.94238732    -1.69423963
O     3.82840096    -0.75723784     0.87820059
O     3.53872931     1.88564534    -0.11341814
O    -1.70245012     0.06190935    -3.49137350
O    -1.29761089    -2.59339879    -2.83748355
 Original moment of inertia
   7015572.5159    -34675.9398    -76238.5694
    -34675.9398   6917679.3937   -104182.9514
    -76238.5694   -104182.9514   7077263.8325
 After diagonalisation
   6840767.4311        -0.0000         0.0000
        -0.0000   7017925.3506         0.0000
         0.0000         0.0000   7151822.9605
  60
 Rotate to principle axis
H    -4.47590361    -0.30116539    -1.98248892
H    -3.09419750    -0.98237582    -1.89766155
H    -3.52166449     0.06788807     0.09170023
H    -3.20532573     0.83416850     1.40714860
H    -1.73818198    -3.17844386     0.87154696
H    -1.59884634    -4.54790031     0.19292229
H    -1.08296866    -1.56839683     3.18672428
H     0.45581637    -1.54043598     3.39918236
H    -2.93796588    -1.38338369     1.74365718
H    -3.19926483    -2.55507102     2.71319913
H    -2.48831505     1.50470810    -4.34888291
H    -2.61931663     0.87097134    -2.95179602
H    -0.33642899     3.92804063    -2.71097378
H    -0.94613622     2.52499399    -2.70232558
H     1.42811101     2.38818324    -2.12825813
H     2.68442722     2.10107301    -1.28501781
H     4.10173258     2.76731314     0.64177598
H     2.65043935     2.52692905     1.08609866
H     2.39301390     0.46026550    -2.91259723
H     2.89415572    -0.33557594    -4.12378414
H    -3.10496439     2.79237476     2.78151853
H    -1.76446785     2.04223581     2.82982502
H    -0.72498687     3.55770416    -0.39257749
H    -1.50573267     3.38450849     0.92812341
H     0.64929319     3.41189325     1.53034429
H     0.92685808     2.39658319     2.64223508
H    -0.33467052     0.48444930     3.76862678
H    -0.17873731     1.73988407     4.65670723
H     0.60227372    -3.65431263     0.27161277
H     1.98868030    -3.21389782    -0.22418723
H     3.01073230    -1.56637832    -1.98624583
H     4.01473732    -2.62013912    -1.50691815
H     3.63678642     0.40411358     0.98245165
H     3.67293188    -0.99850332     0.36719608
H     1.86986975    -2.76204421     2.04359222
H     2.60973173    -1.46918372     2.34809948
H    -1.42279514    -2.04886210    -2.76828358
H    -1.79540293    -2.80379816    -1.45434824
H     0.56100970    -0.89962647    -3.68956618
H    -0.80308111    -0.21908690    -3.88327058
O    -3.55898999    -0.12059864    -1.77125343
O    -3.58285391     0.01480946     1.05588437
O    -1.30298055    -3.63865290     0.13015309
O    -0.38777926    -1.19747185     3.74623894
O    -2.52748128    -2.18608792     2.13977752
O    -1.98208450     1.28416456    -3.56529295
O    -0.35719222     3.11455535    -2.20335048
O     2.32094054     2.02853287    -2.17924775
O     3.34299616     2.21098465     0.46725475
O     2.38821717    -0.43187032    -3.31698936
O    -2.48604105     2.31257444     2.22946245
O    -0.79856279     3.89135980     0.51159519
O     1.36212473     3.05544693     2.08772197
O    -0.34247965     1.46945713     3.75350398
O     1.54808299    -3.76078741     0.43514416
O     3.28090285    -2.08080653    -1.20944979
O     3.77867563    -0.52580259     1.20268097
O     2.01085815    -2.11557087     2.75171520
O    -2.16860644    -2.33961056    -2.21703103
O    -0.36581026    -1.08164065    -3.89320698
