           6
       -0.2910185700
 O  0.828692780000000        1.16169550000000       0.000000000000000E+000
 O  0.826580110000000       -1.16233555000000       0.000000000000000E+000
 O  -1.79123461000000       7.199000000000000E-004  0.000000000000000E+000
 H  -2.37486762000000       0.761314550000000       0.000000000000000E+000
 H  -2.37459951000000      -0.760082020000000       0.000000000000000E+000
 C  0.808765190000000      -2.996100000000000E-004  0.000000000000000E+000
           6
       -0.0984570456
 O  0.828692780000000        1.16169550000000       0.000000000000000E+000
 O  0.826580110000000       -1.16233555000000       0.000000000000000E+000
 O  -2.29123457000000       9.159600000000000E-004  0.000000000000000E+000
 H  -2.87486758000000       0.761510610000000       0.000000000000000E+000
 H  -2.87459947000000      -0.759885960000000       0.000000000000000E+000
 C  0.808765190000000      -2.996100000000000E-004  0.000000000000000E+000
           6
       -0.0313103662
 O  0.828692780000000        1.16169550000000       0.000000000000000E+000
 O  0.826580110000000       -1.16233555000000       0.000000000000000E+000
 O  -2.79123453000000       1.112020000000000E-003  0.000000000000000E+000
 H  -3.37486754000000       0.761706670000000       0.000000000000000E+000
 H  -3.37459943000000      -0.759689900000000       0.000000000000000E+000
 C  0.808765190000000      -2.996100000000000E-004  0.000000000000000E+000
           6
       -0.0094826703
 O  0.828692780000000        1.16169550000000       0.000000000000000E+000
 O  0.826580110000000       -1.16233555000000       0.000000000000000E+000
 O  -3.29123449000000       1.308080000000000E-003  0.000000000000000E+000
 H  -3.87486750000000       0.761902730000000       0.000000000000000E+000
 H  -3.87459939000000      -0.759493840000000       0.000000000000000E+000
 C  0.808765190000000      -2.996100000000000E-004  0.000000000000000E+000
           6
       -0.0028278792
 O  0.828692780000000        1.16169550000000       0.000000000000000E+000
 O  0.826580110000000       -1.16233555000000       0.000000000000000E+000
 O  -3.79123446000000       1.504140000000000E-003  0.000000000000000E+000
 H  -4.37486747000000       0.762098790000000       0.000000000000000E+000
 H  -4.37459936000000      -0.759297780000000       0.000000000000000E+000
 C  0.808765190000000      -2.996100000000000E-004  0.000000000000000E+000
           6
       -0.0009232192
 O  0.828692780000000        1.16169550000000       0.000000000000000E+000
 O  0.826580110000000       -1.16233555000000       0.000000000000000E+000
 O  -4.29123442000000       1.700200000000000E-003  0.000000000000000E+000
 H  -4.87486743000000       0.762294850000000       0.000000000000000E+000
 H  -4.87459932000000      -0.759101720000000       0.000000000000000E+000
 C  0.808765190000000      -2.996100000000000E-004  0.000000000000000E+000
           6
       -0.0004021061
 O  0.828692780000000        1.16169550000000       0.000000000000000E+000
 O  0.826580110000000       -1.16233555000000       0.000000000000000E+000
 O  -4.79123438000000       1.896260000000000E-003  0.000000000000000E+000
 H  -5.37486739000000       0.762490910000000       0.000000000000000E+000
 H  -5.37459928000000      -0.758905660000000       0.000000000000000E+000
 C  0.808765190000000      -2.996100000000000E-004  0.000000000000000E+000
           6
       -0.0002497207
 O  0.828692780000000        1.16169550000000       0.000000000000000E+000
 O  0.826580110000000       -1.16233555000000       0.000000000000000E+000
 O  -5.29123434000000       2.092320000000000E-003  0.000000000000000E+000
 H  -5.87486735000000       0.762686970000000       0.000000000000000E+000
 H  -5.87459924000000      -0.758709600000000       0.000000000000000E+000
 C  0.808765190000000      -2.996100000000000E-004  0.000000000000000E+000
           6
       -0.0001858161
 O  0.828692780000000        1.16169550000000       0.000000000000000E+000
 O  0.826580110000000       -1.16233555000000       0.000000000000000E+000
 O  -5.79123430000000       2.288380000000000E-003  0.000000000000000E+000
 H  -6.37486731000000       0.762883030000000       0.000000000000000E+000
 H  -6.37459920000000      -0.758513540000000       0.000000000000000E+000
 C  0.808765190000000      -2.996100000000000E-004  0.000000000000000E+000
           6
       -0.0001427410
 O  0.828692780000000        1.16169550000000       0.000000000000000E+000
 O  0.826580110000000       -1.16233555000000       0.000000000000000E+000
 O  -6.29123426000000       2.484440000000000E-003  0.000000000000000E+000
 H  -6.87486727000000       0.763079090000000       0.000000000000000E+000
 H  -6.87459916000000      -0.758317480000000       0.000000000000000E+000
 C  0.808765190000000      -2.996100000000000E-004  0.000000000000000E+000
           6
       -0.0001077558
 O  0.828692780000000        1.16169550000000       0.000000000000000E+000
 O  0.826580110000000       -1.16233555000000       0.000000000000000E+000
 O  -6.79123423000000       2.680500000000000E-003  0.000000000000000E+000
 H  -7.37486724000000       0.763275150000000       0.000000000000000E+000
 H  -7.37459913000000      -0.758121420000000       0.000000000000000E+000
 C  0.808765190000000      -2.996100000000000E-004  0.000000000000000E+000
           6
       -0.0000794823
 O  0.828692780000000        1.16169550000000       0.000000000000000E+000
 O  0.826580110000000       -1.16233555000000       0.000000000000000E+000
 O  -7.29123419000000       2.876560000000000E-003  0.000000000000000E+000
 H  -7.87486720000000       0.763471210000000       0.000000000000000E+000
 H  -7.87459909000000      -0.757925360000000       0.000000000000000E+000
 C  0.808765190000000      -2.996100000000000E-004  0.000000000000000E+000
           6
       -0.0000576338
 O  0.828692780000000        1.16169550000000       0.000000000000000E+000
 O  0.826580110000000       -1.16233555000000       0.000000000000000E+000
 O  -7.79123415000000       3.072620000000000E-003  0.000000000000000E+000
 H  -8.37486716000000       0.763667270000000       0.000000000000000E+000
 H  -8.37459905000000      -0.757729300000000       0.000000000000000E+000
 C  0.808765190000000      -2.996100000000000E-004  0.000000000000000E+000
           6
       -0.0000414212
 O  0.828692780000000        1.16169550000000       0.000000000000000E+000
 O  0.826580110000000       -1.16233555000000       0.000000000000000E+000
 O  -8.29123411000000       3.268680000000000E-003  0.000000000000000E+000
 H  -8.87486712000000       0.763863330000000       0.000000000000000E+000
 H  -8.87459901000000      -0.757533240000000       0.000000000000000E+000
 C  0.808765190000000      -2.996100000000000E-004  0.000000000000000E+000
           6
       -0.0000297457
 O  0.828692780000000        1.16169550000000       0.000000000000000E+000
 O  0.826580110000000       -1.16233555000000       0.000000000000000E+000
 O  -8.79123407000000       3.464740000000000E-003  0.000000000000000E+000
 H  -9.37486708000000       0.764059390000000       0.000000000000000E+000
 H  -9.37459897000000      -0.757337180000000       0.000000000000000E+000
 C  0.808765190000000      -2.996100000000000E-004  0.000000000000000E+000
           6
       -0.0000215113
 O  0.828692780000000        1.16169550000000       0.000000000000000E+000
 O  0.826580110000000       -1.16233555000000       0.000000000000000E+000
 O  -9.29123403000000       3.660800000000000E-003  0.000000000000000E+000
 H  -9.87486704000000       0.764255450000000       0.000000000000000E+000
 H  -9.87459893000000      -0.757141120000000       0.000000000000000E+000
 C  0.808765190000000      -2.996100000000000E-004  0.000000000000000E+000
           6
       -0.0000157856
 O  0.828692780000000        1.16169550000000       0.000000000000000E+000
 O  0.826580110000000       -1.16233555000000       0.000000000000000E+000
 O  -9.79123400000000       3.856860000000000E-003  0.000000000000000E+000
 H  -10.3748670100000       0.764451510000000       0.000000000000000E+000
 H  -10.3745989000000      -0.756945060000000       0.000000000000000E+000
 C  0.808765190000000      -2.996100000000000E-004  0.000000000000000E+000
           6
       -0.0000118419
 O  0.828692780000000        1.16169550000000       0.000000000000000E+000
 O  0.826580110000000       -1.16233555000000       0.000000000000000E+000
 O  -10.2912339600000       4.052920000000000E-003  0.000000000000000E+000
 H  -10.8748669700000       0.764647570000000       0.000000000000000E+000
 H  -10.8745988600000      -0.756749000000000       0.000000000000000E+000
 C  0.808765190000000      -2.996100000000000E-004  0.000000000000000E+000
           6
       -0.0000091426
 O  0.828692780000000        1.16169550000000       0.000000000000000E+000
 O  0.826580110000000       -1.16233555000000       0.000000000000000E+000
 O  -10.7912339200000       4.248980000000000E-003  0.000000000000000E+000
 H  -11.3748669300000       0.764843630000000       0.000000000000000E+000
 H  -11.3745988200000      -0.756552940000000       0.000000000000000E+000
 C  0.808765190000000      -2.996100000000000E-004  0.000000000000000E+000
           6
       -0.0000073023
 O  0.828692780000000        1.16169550000000       0.000000000000000E+000
 O  0.826580110000000       -1.16233555000000       0.000000000000000E+000
 O  -11.2912338800000       4.445040000000000E-003  0.000000000000000E+000
 H  -11.8748668900000       0.765039690000000       0.000000000000000E+000
 H  -11.8745987800000      -0.756356880000000       0.000000000000000E+000
 C  0.808765190000000      -2.996100000000000E-004  0.000000000000000E+000
           6
       -0.0000060509
 O  0.828692780000000        1.16169550000000       0.000000000000000E+000
 O  0.826580110000000       -1.16233555000000       0.000000000000000E+000
 O  -11.7912338400000       4.641100000000000E-003  0.000000000000000E+000
 H  -12.3748668500000       0.765235750000000       0.000000000000000E+000
 H  -12.3745987400000      -0.756160820000000       0.000000000000000E+000
 C  0.808765190000000      -2.996100000000000E-004  0.000000000000000E+000
           6
       -0.0000052011
 O  0.828692780000000        1.16169550000000       0.000000000000000E+000
 O  0.826580110000000       -1.16233555000000       0.000000000000000E+000
 O  -12.2912338000000       4.837160000000000E-003  0.000000000000000E+000
 H  -12.8748668100000       0.765431810000000       0.000000000000000E+000
 H  -12.8745987000000      -0.755964760000000       0.000000000000000E+000
 C  0.808765190000000      -2.996100000000000E-004  0.000000000000000E+000
           6
       -0.0000046246
 O  0.828692780000000        1.16169550000000       0.000000000000000E+000
 O  0.826580110000000       -1.16233555000000       0.000000000000000E+000
 O  -12.7912337600000       5.033220000000000E-003  0.000000000000000E+000
 H  -13.3748667700000       0.765627870000000       0.000000000000000E+000
 H  -13.3745986600000      -0.755768700000000       0.000000000000000E+000
 C  0.808765190000000      -2.996100000000000E-004  0.000000000000000E+000
           6
       -0.0000042335
 O  0.828692780000000        1.16169550000000       0.000000000000000E+000
 O  0.826580110000000       -1.16233555000000       0.000000000000000E+000
 O  -13.2912337300000       5.229280000000000E-003  0.000000000000000E+000
 H  -13.8748667400000       0.765823930000000       0.000000000000000E+000
 H  -13.8745986300000      -0.755572640000000       0.000000000000000E+000
 C  0.808765190000000      -2.996100000000000E-004  0.000000000000000E+000
           6
       -0.0000039682
 O  0.828692780000000        1.16169550000000       0.000000000000000E+000
 O  0.826580110000000       -1.16233555000000       0.000000000000000E+000
 O  -13.7912336900000       5.425340000000000E-003  0.000000000000000E+000
 H  -14.3748667000000       0.766019990000000       0.000000000000000E+000
 H  -14.3745985900000      -0.755376580000000       0.000000000000000E+000
 C  0.808765190000000      -2.996100000000000E-004  0.000000000000000E+000
           6
       -0.0000037882
 O  0.828692780000000        1.16169550000000       0.000000000000000E+000
 O  0.826580110000000       -1.16233555000000       0.000000000000000E+000
 O  -14.2912336500000       5.621400000000000E-003  0.000000000000000E+000
 H  -14.8748666600000       0.766216050000000       0.000000000000000E+000
 H  -14.8745985500000      -0.755180520000000       0.000000000000000E+000
 C  0.808765190000000      -2.996100000000000E-004  0.000000000000000E+000
           6
       -0.0000036661
 O  0.828692780000000        1.16169550000000       0.000000000000000E+000
 O  0.826580110000000       -1.16233555000000       0.000000000000000E+000
 O  -14.7912336100000       5.817460000000000E-003  0.000000000000000E+000
 H  -15.3748666200000       0.766412110000000       0.000000000000000E+000
 H  -15.3745985100000      -0.754984460000000       0.000000000000000E+000
 C  0.808765190000000      -2.996100000000000E-004  0.000000000000000E+000
           6
       -0.0000035832
 O  0.828692780000000        1.16169550000000       0.000000000000000E+000
 O  0.826580110000000       -1.16233555000000       0.000000000000000E+000
 O  -15.2912335700000       6.013520000000000E-003  0.000000000000000E+000
 H  -15.8748665800000       0.766608170000000       0.000000000000000E+000
 H  -15.8745984700000      -0.754788400000000       0.000000000000000E+000
 C  0.808765190000000      -2.996100000000000E-004  0.000000000000000E+000
           6
       -0.0000035269
 O  0.828692780000000        1.16169550000000       0.000000000000000E+000
 O  0.826580110000000       -1.16233555000000       0.000000000000000E+000
 O  -15.7912335300000       6.209580000000000E-003  0.000000000000000E+000
 H  -16.3748665400000       0.766804230000000       0.000000000000000E+000
 H  -16.3745984300000      -0.754592340000000       0.000000000000000E+000
 C  0.808765190000000      -2.996100000000000E-004  0.000000000000000E+000
           6
       -0.0000034886
 O  0.828692780000000        1.16169550000000       0.000000000000000E+000
 O  0.826580110000000       -1.16233555000000       0.000000000000000E+000
 O  -16.2912335000000       6.405640000000000E-003  0.000000000000000E+000
 H  -16.8748665100000       0.767000290000000       0.000000000000000E+000
 H  -16.8745984000000      -0.754396280000000       0.000000000000000E+000
 C  0.808765190000000      -2.996100000000000E-004  0.000000000000000E+000
           6
       -0.0000034626
 O  0.828692780000000        1.16169550000000       0.000000000000000E+000
 O  0.826580110000000       -1.16233555000000       0.000000000000000E+000
 O  -16.7912334600000       6.601700000000000E-003  0.000000000000000E+000
 H  -17.3748664700000       0.767196350000000       0.000000000000000E+000
 H  -17.3745983600000      -0.754200220000000       0.000000000000000E+000
 C  0.808765190000000      -2.996100000000000E-004  0.000000000000000E+000
           6
       -0.0000034449
 O  0.828692780000000        1.16169550000000       0.000000000000000E+000
 O  0.826580110000000       -1.16233555000000       0.000000000000000E+000
 O  -17.2912334200000       6.797760000000000E-003  0.000000000000000E+000
 H  -17.8748664300000       0.767392410000000       0.000000000000000E+000
 H  -17.8745983200000      -0.754004160000000       0.000000000000000E+000
 C  0.808765190000000      -2.996100000000000E-004  0.000000000000000E+000
           6
       -0.0000034329
 O  0.828692780000000        1.16169550000000       0.000000000000000E+000
 O  0.826580110000000       -1.16233555000000       0.000000000000000E+000
 O  -17.7912333800000       6.993820000000000E-003  0.000000000000000E+000
 H  -18.3748663900000       0.767588470000000       0.000000000000000E+000
 H  -18.3745982800000      -0.753808100000000       0.000000000000000E+000
 C  0.808765190000000      -2.996100000000000E-004  0.000000000000000E+000
           6
       -0.0000034247
 O  0.828692780000000        1.16169550000000       0.000000000000000E+000
 O  0.826580110000000       -1.16233555000000       0.000000000000000E+000
 O  -18.2912333400000       7.189880000000000E-003  0.000000000000000E+000
 H  -18.8748663500000       0.767784530000000       0.000000000000000E+000
 H  -18.8745982400000      -0.753612040000000       0.000000000000000E+000
 C  0.808765190000000      -2.996100000000000E-004  0.000000000000000E+000
           6
       -0.0000034191
 O  0.828692780000000        1.16169550000000       0.000000000000000E+000
 O  0.826580110000000       -1.16233555000000       0.000000000000000E+000
 O  -18.7912333000000       7.385940000000000E-003  0.000000000000000E+000
 H  -19.3748663100000       0.767980590000000       0.000000000000000E+000
 H  -19.3745982000000      -0.753415980000000       0.000000000000000E+000
 C  0.808765190000000      -2.996100000000000E-004  0.000000000000000E+000
           6
       -0.0000034154
 O  0.828692780000000        1.16169550000000       0.000000000000000E+000
 O  0.826580110000000       -1.16233555000000       0.000000000000000E+000
 O  -19.2912332600000       7.582000000000000E-003  0.000000000000000E+000
 H  -19.8748662700000       0.768176650000000       0.000000000000000E+000
 H  -19.8745981600000      -0.753219920000000       0.000000000000000E+000
 C  0.808765190000000      -2.996100000000000E-004  0.000000000000000E+000
           6
       -0.0000034128
 O  0.828692780000000        1.16169550000000       0.000000000000000E+000
 O  0.826580110000000       -1.16233555000000       0.000000000000000E+000
 O  -19.7912332300000       7.778060000000000E-003  0.000000000000000E+000
 H  -20.3748662400000       0.768372710000000       0.000000000000000E+000
 H  -20.3745981300000      -0.753023860000000       0.000000000000000E+000
 C  0.808765190000000      -2.996100000000000E-004  0.000000000000000E+000
           6
       -0.0000034110
 O  0.828692780000000        1.16169550000000       0.000000000000000E+000
 O  0.826580110000000       -1.16233555000000       0.000000000000000E+000
 O  -20.2912331900000       7.974119999999999E-003  0.000000000000000E+000
 H  -20.8748662000000       0.768568770000000       0.000000000000000E+000
 H  -20.8745980900000      -0.752827800000000       0.000000000000000E+000
 C  0.808765190000000      -2.996100000000000E-004  0.000000000000000E+000
           6
       -0.0000034098
 O  0.828692780000000        1.16169550000000       0.000000000000000E+000
 O  0.826580110000000       -1.16233555000000       0.000000000000000E+000
 O  -20.7912331500000       8.170180000000001E-003  0.000000000000000E+000
 H  -21.3748661600000       0.768764830000000       0.000000000000000E+000
 H  -21.3745980500000      -0.752631740000000       0.000000000000000E+000
 C  0.808765190000000      -2.996100000000000E-004  0.000000000000000E+000
           6
       -0.0000034090
 O  0.828692780000000        1.16169550000000       0.000000000000000E+000
 O  0.826580110000000       -1.16233555000000       0.000000000000000E+000
 O  -21.2912331100000       8.366240000000000E-003  0.000000000000000E+000
 H  -21.8748661200000       0.768960890000000       0.000000000000000E+000
 H  -21.8745980100000      -0.752435680000000       0.000000000000000E+000
 C  0.808765190000000      -2.996100000000000E-004  0.000000000000000E+000
           6
       -0.0000034084
 O  0.828692780000000        1.16169550000000       0.000000000000000E+000
 O  0.826580110000000       -1.16233555000000       0.000000000000000E+000
 O  -21.7912330700000       8.562300000000000E-003  0.000000000000000E+000
 H  -22.3748660800000       0.769156950000000       0.000000000000000E+000
 H  -22.3745979700000      -0.752239620000000       0.000000000000000E+000
 C  0.808765190000000      -2.996100000000000E-004  0.000000000000000E+000
           6
       -0.0000034081
 O  0.828692780000000        1.16169550000000       0.000000000000000E+000
 O  0.826580110000000       -1.16233555000000       0.000000000000000E+000
 O  -22.2912330300000       8.758360000000000E-003  0.000000000000000E+000
 H  -22.8748660400000       0.769353010000000       0.000000000000000E+000
 H  -22.8745979300000      -0.752043560000000       0.000000000000000E+000
 C  0.808765190000000      -2.996100000000000E-004  0.000000000000000E+000
           6
       -0.0000034078
 O  0.828692780000000        1.16169550000000       0.000000000000000E+000
 O  0.826580110000000       -1.16233555000000       0.000000000000000E+000
 O  -22.7912330000000       8.954419999999999E-003  0.000000000000000E+000
 H  -23.3748660100000       0.769549070000000       0.000000000000000E+000
 H  -23.3745979000000      -0.751847500000000       0.000000000000000E+000
 C  0.808765190000000      -2.996100000000000E-004  0.000000000000000E+000
           6
       -0.0000034076
 O  0.828692780000000        1.16169550000000       0.000000000000000E+000
 O  0.826580110000000       -1.16233555000000       0.000000000000000E+000
 O  -23.2912329600000       9.150480000000001E-003  0.000000000000000E+000
 H  -23.8748659700000       0.769745130000000       0.000000000000000E+000
 H  -23.8745978600000      -0.751651440000000       0.000000000000000E+000
 C  0.808765190000000      -2.996100000000000E-004  0.000000000000000E+000
           6
       -0.0000034075
 O  0.828692780000000        1.16169550000000       0.000000000000000E+000
 O  0.826580110000000       -1.16233555000000       0.000000000000000E+000
 O  -23.7912329200000       9.346540000000000E-003  0.000000000000000E+000
 H  -24.3748659300000       0.769941190000000       0.000000000000000E+000
 H  -24.3745978200000      -0.751455380000000       0.000000000000000E+000
 C  0.808765190000000      -2.996100000000000E-004  0.000000000000000E+000
           6
       -0.0000034074
 O  0.828692780000000        1.16169550000000       0.000000000000000E+000
 O  0.826580110000000       -1.16233555000000       0.000000000000000E+000
 O  -24.2912328800000       9.542600000000000E-003  0.000000000000000E+000
 H  -24.8748658900000       0.770137250000000       0.000000000000000E+000
 H  -24.8745977800000      -0.751259320000000       0.000000000000000E+000
 C  0.808765190000000      -2.996100000000000E-004  0.000000000000000E+000
           6
       -0.0000034074
 O  0.828692780000000        1.16169550000000       0.000000000000000E+000
 O  0.826580110000000       -1.16233555000000       0.000000000000000E+000
 O  -24.7912328400000       9.738660000000000E-003  0.000000000000000E+000
 H  -25.3748658500000       0.770333310000000       0.000000000000000E+000
 H  -25.3745977400000      -0.751063260000000       0.000000000000000E+000
 C  0.808765190000000      -2.996100000000000E-004  0.000000000000000E+000
           6
       -0.0000034073
 O  0.828692780000000        1.16169550000000       0.000000000000000E+000
 O  0.826580110000000       -1.16233555000000       0.000000000000000E+000
 O  -25.2912328000000       9.934719999999999E-003  0.000000000000000E+000
 H  -25.8748658100000       0.770529370000000       0.000000000000000E+000
 H  -25.8745977000000      -0.750867200000000       0.000000000000000E+000
 C  0.808765190000000      -2.996100000000000E-004  0.000000000000000E+000
           6
       -0.0000034073
 O  0.828692780000000        1.16169550000000       0.000000000000000E+000
 O  0.826580110000000       -1.16233555000000       0.000000000000000E+000
 O  -25.7912327700000       1.013078000000000E-002  0.000000000000000E+000
 H  -26.3748657800000       0.770725430000000       0.000000000000000E+000
 H  -26.3745976700000      -0.750671140000000       0.000000000000000E+000
 C  0.808765190000000      -2.996100000000000E-004  0.000000000000000E+000
           6
       -0.0000034073
 O  0.828692780000000        1.16169550000000       0.000000000000000E+000
 O  0.826580110000000       -1.16233555000000       0.000000000000000E+000
 O  -26.2912327300000       1.032684000000000E-002  0.000000000000000E+000
 H  -26.8748657400000       0.770921490000000       0.000000000000000E+000
 H  -26.8745976300000      -0.750475080000000       0.000000000000000E+000
 C  0.808765190000000      -2.996100000000000E-004  0.000000000000000E+000
           6
       -0.0000034073
 O  0.828692780000000        1.16169550000000       0.000000000000000E+000
 O  0.826580110000000       -1.16233555000000       0.000000000000000E+000
 O  -26.7912326900000       1.052290000000000E-002  0.000000000000000E+000
 H  -27.3748657000000       0.771117550000000       0.000000000000000E+000
 H  -27.3745975900000      -0.750279020000000       0.000000000000000E+000
 C  0.808765190000000      -2.996100000000000E-004  0.000000000000000E+000
           6
       -0.0000034073
 O  0.828692780000000        1.16169550000000       0.000000000000000E+000
 O  0.826580110000000       -1.16233555000000       0.000000000000000E+000
 O  -27.2912326500000       1.071896000000000E-002  0.000000000000000E+000
 H  -27.8748656600000       0.771313610000000       0.000000000000000E+000
 H  -27.8745975500000      -0.750082960000000       0.000000000000000E+000
 C  0.808765190000000      -2.996100000000000E-004  0.000000000000000E+000
           6
       -0.0000034073
 O  0.828692780000000        1.16169550000000       0.000000000000000E+000
 O  0.826580110000000       -1.16233555000000       0.000000000000000E+000
 O  -27.7912326100000       1.091502000000000E-002  0.000000000000000E+000
 H  -28.3748656200000       0.771509670000000       0.000000000000000E+000
 H  -28.3745975100000      -0.749886900000000       0.000000000000000E+000
 C  0.808765190000000      -2.996100000000000E-004  0.000000000000000E+000
           6
       -0.0000034072
 O  0.828692780000000        1.16169550000000       0.000000000000000E+000
 O  0.826580110000000       -1.16233555000000       0.000000000000000E+000
 O  -28.2912325700000       1.111108000000000E-002  0.000000000000000E+000
 H  -28.8748655800000       0.771705730000000       0.000000000000000E+000
 H  -28.8745974700000      -0.749690840000000       0.000000000000000E+000
 C  0.808765190000000      -2.996100000000000E-004  0.000000000000000E+000
           6
       -0.0000034072
 O  0.828692780000000        1.16169550000000       0.000000000000000E+000
 O  0.826580110000000       -1.16233555000000       0.000000000000000E+000
 O  -28.7912325300000       1.130714000000000E-002  0.000000000000000E+000
 H  -29.3748655400000       0.771901790000000       0.000000000000000E+000
 H  -29.3745974300000      -0.749494780000000       0.000000000000000E+000
 C  0.808765190000000      -2.996100000000000E-004  0.000000000000000E+000
           6
       -0.0000034072
 O  0.828692780000000        1.16169550000000       0.000000000000000E+000
 O  0.826580110000000       -1.16233555000000       0.000000000000000E+000
 O  -29.2912325000000       1.150320000000000E-002  0.000000000000000E+000
 H  -29.8748655100000       0.772097850000000       0.000000000000000E+000
 H  -29.8745974000000      -0.749298720000000       0.000000000000000E+000
 C  0.808765190000000      -2.996100000000000E-004  0.000000000000000E+000
           6
       -0.0000034072
 O  0.828692780000000        1.16169550000000       0.000000000000000E+000
 O  0.826580110000000       -1.16233555000000       0.000000000000000E+000
 O  -29.7912324600000       1.169926000000000E-002  0.000000000000000E+000
 H  -30.3748654700000       0.772293910000000       0.000000000000000E+000
 H  -30.3745973600000      -0.749102660000000       0.000000000000000E+000
 C  0.808765190000000      -2.996100000000000E-004  0.000000000000000E+000
           6
       -0.0000034072
 O  0.828692780000000        1.16169550000000       0.000000000000000E+000
 O  0.826580110000000       -1.16233555000000       0.000000000000000E+000
 O  -30.2912324200000       1.189532000000000E-002  0.000000000000000E+000
 H  -30.8748654300000       0.772489970000000       0.000000000000000E+000
 H  -30.8745973200000      -0.748906600000000       0.000000000000000E+000
 C  0.808765190000000      -2.996100000000000E-004  0.000000000000000E+000
           6
       -0.0000034072
 O  0.828692780000000        1.16169550000000       0.000000000000000E+000
 O  0.826580110000000       -1.16233555000000       0.000000000000000E+000
 O  -30.7912323800000       1.209138000000000E-002  0.000000000000000E+000
 H  -31.3748653900000       0.772686030000000       0.000000000000000E+000
 H  -31.3745972800000      -0.748710540000000       0.000000000000000E+000
 C  0.808765190000000      -2.996100000000000E-004  0.000000000000000E+000
           6
       -0.0000034072
 O  0.828692780000000        1.16169550000000       0.000000000000000E+000
 O  0.826580110000000       -1.16233555000000       0.000000000000000E+000
 O  -31.2912323400000       1.228744000000000E-002  0.000000000000000E+000
 H  -31.8748653500000       0.772882090000000       0.000000000000000E+000
 H  -31.8745972400000      -0.748514480000000       0.000000000000000E+000
 C  0.808765190000000      -2.996100000000000E-004  0.000000000000000E+000
           6
       -0.0000034072
 O  0.828692780000000        1.16169550000000       0.000000000000000E+000
 O  0.826580110000000       -1.16233555000000       0.000000000000000E+000
 O  -31.7912323000000       1.248350000000000E-002  0.000000000000000E+000
 H  -32.3748653100000       0.773078150000000       0.000000000000000E+000
 H  -32.3745972000000      -0.748318420000000       0.000000000000000E+000
 C  0.808765190000000      -2.996100000000000E-004  0.000000000000000E+000
           6
       -0.0000034072
 O  0.828692780000000        1.16169550000000       0.000000000000000E+000
 O  0.826580110000000       -1.16233555000000       0.000000000000000E+000
 O  -32.2912322700000       1.267956000000000E-002  0.000000000000000E+000
 H  -32.8748652800000       0.773274210000000       0.000000000000000E+000
 H  -32.8745971700000      -0.748122360000000       0.000000000000000E+000
 C  0.808765190000000      -2.996100000000000E-004  0.000000000000000E+000
           6
       -0.0000034072
 O  0.828692780000000        1.16169550000000       0.000000000000000E+000
 O  0.826580110000000       -1.16233555000000       0.000000000000000E+000
 O  -32.7912322300000       1.287562000000000E-002  0.000000000000000E+000
 H  -33.3748652400000       0.773470270000000       0.000000000000000E+000
 H  -33.3745971300000      -0.747926300000000       0.000000000000000E+000
 C  0.808765190000000      -2.996100000000000E-004  0.000000000000000E+000
           6
       -0.0000034072
 O  0.828692780000000        1.16169550000000       0.000000000000000E+000
 O  0.826580110000000       -1.16233555000000       0.000000000000000E+000
 O  -33.2912321900000       1.307168000000000E-002  0.000000000000000E+000
 H  -33.8748652000000       0.773666330000000       0.000000000000000E+000
 H  -33.8745970900000      -0.747730240000000       0.000000000000000E+000
 C  0.808765190000000      -2.996100000000000E-004  0.000000000000000E+000
           6
       -0.0000034072
 O  0.828692780000000        1.16169550000000       0.000000000000000E+000
 O  0.826580110000000       -1.16233555000000       0.000000000000000E+000
 O  -33.7912321500000       1.326774000000000E-002  0.000000000000000E+000
 H  -34.3748651600000       0.773862390000000       0.000000000000000E+000
 H  -34.3745970500000      -0.747534180000000       0.000000000000000E+000
 C  0.808765190000000      -2.996100000000000E-004  0.000000000000000E+000
           6
       -0.0000034072
 O  0.828692780000000        1.16169550000000       0.000000000000000E+000
 O  0.826580110000000       -1.16233555000000       0.000000000000000E+000
 O  -34.2912321100000       1.346380000000000E-002  0.000000000000000E+000
 H  -34.8748651200000       0.774058450000000       0.000000000000000E+000
 H  -34.8745970100000      -0.747338120000000       0.000000000000000E+000
 C  0.808765190000000      -2.996100000000000E-004  0.000000000000000E+000
           6
       -0.0000034072
 O  0.828692780000000        1.16169550000000       0.000000000000000E+000
 O  0.826580110000000       -1.16233555000000       0.000000000000000E+000
 O  -34.7912320700000       1.365986000000000E-002  0.000000000000000E+000
 H  -35.3748650800000       0.774254510000000       0.000000000000000E+000
 H  -35.3745969700000      -0.747142060000000       0.000000000000000E+000
 C  0.808765190000000      -2.996100000000000E-004  0.000000000000000E+000
           6
       -0.0000034072
 O  0.828692780000000        1.16169550000000       0.000000000000000E+000
 O  0.826580110000000       -1.16233555000000       0.000000000000000E+000
 O  -35.2912320300000       1.385592000000000E-002  0.000000000000000E+000
 H  -35.8748650400000       0.774450570000000       0.000000000000000E+000
 H  -35.8745969300000      -0.746946000000000       0.000000000000000E+000
 C  0.808765190000000      -2.996100000000000E-004  0.000000000000000E+000
           6
       -0.0000034072
 O  0.828692780000000        1.16169550000000       0.000000000000000E+000
 O  0.826580110000000       -1.16233555000000       0.000000000000000E+000
 O  -35.7912320000000       1.405198000000000E-002  0.000000000000000E+000
 H  -36.3748650100000       0.774646630000000       0.000000000000000E+000
 H  -36.3745969000000      -0.746749940000000       0.000000000000000E+000
 C  0.808765190000000      -2.996100000000000E-004  0.000000000000000E+000
           6
       -0.0000034072
 O  0.828692780000000        1.16169550000000       0.000000000000000E+000
 O  0.826580110000000       -1.16233555000000       0.000000000000000E+000
 O  -36.2912319600000       1.424804000000000E-002  0.000000000000000E+000
 H  -36.8748649700000       0.774842690000000       0.000000000000000E+000
 H  -36.8745968600000      -0.746553880000000       0.000000000000000E+000
 C  0.808765190000000      -2.996100000000000E-004  0.000000000000000E+000
           6
       -0.0000034072
 O  0.828692780000000        1.16169550000000       0.000000000000000E+000
 O  0.826580110000000       -1.16233555000000       0.000000000000000E+000
 O  -36.7912319200000       1.444410000000000E-002  0.000000000000000E+000
 H  -37.3748649300000       0.775038750000000       0.000000000000000E+000
 H  -37.3745968200000      -0.746357820000000       0.000000000000000E+000
 C  0.808765190000000      -2.996100000000000E-004  0.000000000000000E+000
           6
       -0.0000034072
 O  0.828692780000000        1.16169550000000       0.000000000000000E+000
 O  0.826580110000000       -1.16233555000000       0.000000000000000E+000
 O  -37.2912318800000       1.464016000000000E-002  0.000000000000000E+000
 H  -37.8748648900000       0.775234810000000       0.000000000000000E+000
 H  -37.8745967800000      -0.746161760000000       0.000000000000000E+000
 C  0.808765190000000      -2.996100000000000E-004  0.000000000000000E+000
           6
       -0.0000034072
 O  0.828692780000000        1.16169550000000       0.000000000000000E+000
 O  0.826580110000000       -1.16233555000000       0.000000000000000E+000
 O  -37.7912318400000       1.483622000000000E-002  0.000000000000000E+000
 H  -38.3748648500000       0.775430870000000       0.000000000000000E+000
 H  -38.3745967400000      -0.745965700000000       0.000000000000000E+000
 C  0.808765190000000      -2.996100000000000E-004  0.000000000000000E+000
           6
       -0.0000034072
 O  0.828692780000000        1.16169550000000       0.000000000000000E+000
 O  0.826580110000000       -1.16233555000000       0.000000000000000E+000
 O  -38.2912318000000       1.503228000000000E-002  0.000000000000000E+000
 H  -38.8748648100000       0.775626930000000       0.000000000000000E+000
 H  -38.8745967000000      -0.745769640000000       0.000000000000000E+000
 C  0.808765190000000      -2.996100000000000E-004  0.000000000000000E+000
           6
       -0.0000034072
 O  0.828692780000000        1.16169550000000       0.000000000000000E+000
 O  0.826580110000000       -1.16233555000000       0.000000000000000E+000
 O  -38.7912317700000       1.522834000000000E-002  0.000000000000000E+000
 H  -39.3748647800000       0.775822990000000       0.000000000000000E+000
 H  -39.3745966700000      -0.745573580000000       0.000000000000000E+000
 C  0.808765190000000      -2.996100000000000E-004  0.000000000000000E+000
           6
       -0.0000034072
 O  0.828692780000000        1.16169550000000       0.000000000000000E+000
 O  0.826580110000000       -1.16233555000000       0.000000000000000E+000
 O  -39.2912317300000       1.542440000000000E-002  0.000000000000000E+000
 H  -39.8748647400000       0.776019050000000       0.000000000000000E+000
 H  -39.8745966300000      -0.745377520000000       0.000000000000000E+000
 C  0.808765190000000      -2.996100000000000E-004  0.000000000000000E+000
           6
       -0.0000034072
 O  0.828692780000000        1.16169550000000       0.000000000000000E+000
 O  0.826580110000000       -1.16233555000000       0.000000000000000E+000
 O  -39.7912316900000       1.562046000000000E-002  0.000000000000000E+000
 H  -40.3748647000000       0.776215110000000       0.000000000000000E+000
 H  -40.3745965900000      -0.745181460000000       0.000000000000000E+000
 C  0.808765190000000      -2.996100000000000E-004  0.000000000000000E+000
           6
       -0.0000034072
 O  0.828692780000000        1.16169550000000       0.000000000000000E+000
 O  0.826580110000000       -1.16233555000000       0.000000000000000E+000
 O  -40.2912316500000       1.581652000000000E-002  0.000000000000000E+000
 H  -40.8748646600000       0.776411170000000       0.000000000000000E+000
 H  -40.8745965500000      -0.744985400000000       0.000000000000000E+000
 C  0.808765190000000      -2.996100000000000E-004  0.000000000000000E+000
           6
       -0.0000034072
 O  0.828692780000000        1.16169550000000       0.000000000000000E+000
 O  0.826580110000000       -1.16233555000000       0.000000000000000E+000
 O  -40.7912316100000       1.601258000000000E-002  0.000000000000000E+000
 H  -41.3748646200000       0.776607230000000       0.000000000000000E+000
 H  -41.3745965100000      -0.744789340000000       0.000000000000000E+000
 C  0.808765190000000      -2.996100000000000E-004  0.000000000000000E+000
           6
       -0.0000034072
 O  0.828692780000000        1.16169550000000       0.000000000000000E+000
 O  0.826580110000000       -1.16233555000000       0.000000000000000E+000
 O  -41.2912315700000       1.620864000000000E-002  0.000000000000000E+000
 H  -41.8748645800000       0.776803290000000       0.000000000000000E+000
 H  -41.8745964700000      -0.744593280000000       0.000000000000000E+000
 C  0.808765190000000      -2.996100000000000E-004  0.000000000000000E+000
           6
       -0.0000034072
 O  0.828692780000000        1.16169550000000       0.000000000000000E+000
 O  0.826580110000000       -1.16233555000000       0.000000000000000E+000
 O  -41.7912315300000       1.640470000000000E-002  0.000000000000000E+000
 H  -42.3748645400000       0.776999350000000       0.000000000000000E+000
 H  -42.3745964300000      -0.744397220000000       0.000000000000000E+000
 C  0.808765190000000      -2.996100000000000E-004  0.000000000000000E+000
           6
       -0.0000034072
 O  0.828692780000000        1.16169550000000       0.000000000000000E+000
 O  0.826580110000000       -1.16233555000000       0.000000000000000E+000
 O  -42.2912315000000       1.660076000000000E-002  0.000000000000000E+000
 H  -42.8748645100000       0.777195410000000       0.000000000000000E+000
 H  -42.8745964000000      -0.744201160000000       0.000000000000000E+000
 C  0.808765190000000      -2.996100000000000E-004  0.000000000000000E+000
           6
       -0.0000034072
 O  0.828692780000000        1.16169550000000       0.000000000000000E+000
 O  0.826580110000000       -1.16233555000000       0.000000000000000E+000
 O  -42.7912314600000       1.679682000000000E-002  0.000000000000000E+000
 H  -43.3748644700000       0.777391470000000       0.000000000000000E+000
 H  -43.3745963600000      -0.744005100000000       0.000000000000000E+000
 C  0.808765190000000      -2.996100000000000E-004  0.000000000000000E+000
           6
       -0.0000034072
 O  0.828692780000000        1.16169550000000       0.000000000000000E+000
 O  0.826580110000000       -1.16233555000000       0.000000000000000E+000
 O  -43.2912314200000       1.699288000000000E-002  0.000000000000000E+000
 H  -43.8748644300000       0.777587530000000       0.000000000000000E+000
 H  -43.8745963200000      -0.743809040000000       0.000000000000000E+000
 C  0.808765190000000      -2.996100000000000E-004  0.000000000000000E+000
           6
       -0.0000034072
 O  0.828692780000000        1.16169550000000       0.000000000000000E+000
 O  0.826580110000000       -1.16233555000000       0.000000000000000E+000
 O  -43.7912313800000       1.718894000000000E-002  0.000000000000000E+000
 H  -44.3748643900000       0.777783590000000       0.000000000000000E+000
 H  -44.3745962800000      -0.743612980000000       0.000000000000000E+000
 C  0.808765190000000      -2.996100000000000E-004  0.000000000000000E+000
           6
       -0.0000034072
 O  0.828692780000000        1.16169550000000       0.000000000000000E+000
 O  0.826580110000000       -1.16233555000000       0.000000000000000E+000
 O  -44.2912313400000       1.738500000000000E-002  0.000000000000000E+000
 H  -44.8748643500000       0.777979650000000       0.000000000000000E+000
 H  -44.8745962400000      -0.743416920000000       0.000000000000000E+000
 C  0.808765190000000      -2.996100000000000E-004  0.000000000000000E+000
           6
       -0.0000034072
 O  0.828692780000000        1.16169550000000       0.000000000000000E+000
 O  0.826580110000000       -1.16233555000000       0.000000000000000E+000
 O  -44.7912313000000       1.758106000000000E-002  0.000000000000000E+000
 H  -45.3748643100000       0.778175710000000       0.000000000000000E+000
 H  -45.3745962000000      -0.743220860000000       0.000000000000000E+000
 C  0.808765190000000      -2.996100000000000E-004  0.000000000000000E+000
           6
       -0.0000034072
 O  0.828692780000000        1.16169550000000       0.000000000000000E+000
 O  0.826580110000000       -1.16233555000000       0.000000000000000E+000
 O  -45.2912312700000       1.777712000000000E-002  0.000000000000000E+000
 H  -45.8748642800000       0.778371770000000       0.000000000000000E+000
 H  -45.8745961700000      -0.743024800000000       0.000000000000000E+000
 C  0.808765190000000      -2.996100000000000E-004  0.000000000000000E+000
           6
       -0.0000034072
 O  0.828692780000000        1.16169550000000       0.000000000000000E+000
 O  0.826580110000000       -1.16233555000000       0.000000000000000E+000
 O  -45.7912312300000       1.797318000000000E-002  0.000000000000000E+000
 H  -46.3748642400000       0.778567830000000       0.000000000000000E+000
 H  -46.3745961300000      -0.742828740000000       0.000000000000000E+000
 C  0.808765190000000      -2.996100000000000E-004  0.000000000000000E+000
           6
       -0.0000034072
 O  0.828692780000000        1.16169550000000       0.000000000000000E+000
 O  0.826580110000000       -1.16233555000000       0.000000000000000E+000
 O  -46.2912311900000       1.816923000000000E-002  0.000000000000000E+000
 H  -46.8748642000000       0.778763880000000       0.000000000000000E+000
 H  -46.8745960900000      -0.742632690000000       0.000000000000000E+000
 C  0.808765190000000      -2.996100000000000E-004  0.000000000000000E+000
           6
       -0.0000034072
 O  0.828692780000000        1.16169550000000       0.000000000000000E+000
 O  0.826580110000000       -1.16233555000000       0.000000000000000E+000
 O  -46.7912311500000       1.836529000000000E-002  0.000000000000000E+000
 H  -47.3748641600000       0.778959940000000       0.000000000000000E+000
 H  -47.3745960500000      -0.742436630000000       0.000000000000000E+000
 C  0.808765190000000      -2.996100000000000E-004  0.000000000000000E+000
           6
       -0.0000034072
 O  0.828692780000000        1.16169550000000       0.000000000000000E+000
 O  0.826580110000000       -1.16233555000000       0.000000000000000E+000
 O  -47.2912311100000       1.856135000000000E-002  0.000000000000000E+000
 H  -47.8748641200000       0.779156000000000       0.000000000000000E+000
 H  -47.8745960100000      -0.742240570000000       0.000000000000000E+000
 C  0.808765190000000      -2.996100000000000E-004  0.000000000000000E+000
           6
       -0.0000034072
 O  0.828692780000000        1.16169550000000       0.000000000000000E+000
 O  0.826580110000000       -1.16233555000000       0.000000000000000E+000
 O  -47.7912310700000       1.875741000000000E-002  0.000000000000000E+000
 H  -48.3748640800000       0.779352060000000       0.000000000000000E+000
 H  -48.3745959700000      -0.742044510000000       0.000000000000000E+000
 C  0.808765190000000      -2.996100000000000E-004  0.000000000000000E+000
           6
       -0.0000034072
 O  0.828692780000000        1.16169550000000       0.000000000000000E+000
 O  0.826580110000000       -1.16233555000000       0.000000000000000E+000
 O  -48.2912310400000       1.895347000000000E-002  0.000000000000000E+000
 H  -48.8748640500000       0.779548120000000       0.000000000000000E+000
 H  -48.8745959400000      -0.741848450000000       0.000000000000000E+000
 C  0.808765190000000      -2.996100000000000E-004  0.000000000000000E+000
           6
       -0.0000034072
 O  0.828692780000000        1.16169550000000       0.000000000000000E+000
 O  0.826580110000000       -1.16233555000000       0.000000000000000E+000
 O  -48.7912310000000       1.914953000000000E-002  0.000000000000000E+000
 H  -49.3748640100000       0.779744180000000       0.000000000000000E+000
 H  -49.3745959000000      -0.741652390000000       0.000000000000000E+000
 C  0.808765190000000      -2.996100000000000E-004  0.000000000000000E+000
           6
       -0.0000034072
 O  0.828692780000000        1.16169550000000       0.000000000000000E+000
 O  0.826580110000000       -1.16233555000000       0.000000000000000E+000
 O  -49.2912309600000       1.934559000000000E-002  0.000000000000000E+000
 H  -49.8748639700000       0.779940240000000       0.000000000000000E+000
 H  -49.8745958600000      -0.741456330000000       0.000000000000000E+000
 C  0.808765190000000      -2.996100000000000E-004  0.000000000000000E+000
           6
       -0.0000034072
 O  0.828692780000000        1.16169550000000       0.000000000000000E+000
 O  0.826580110000000       -1.16233555000000       0.000000000000000E+000
 O  -49.7912309200000       1.954165000000000E-002  0.000000000000000E+000
 H  -50.3748639300000       0.780136300000000       0.000000000000000E+000
 H  -50.3745958200000      -0.741260270000000       0.000000000000000E+000
 C  0.808765190000000      -2.996100000000000E-004  0.000000000000000E+000
           6
       -0.0000034072
 O  0.828692780000000        1.16169550000000       0.000000000000000E+000
 O  0.826580110000000       -1.16233555000000       0.000000000000000E+000
 O  -50.2912308800000       1.973771000000000E-002  0.000000000000000E+000
 H  -50.8748638900000       0.780332360000000       0.000000000000000E+000
 H  -50.8745957800000      -0.741064210000000       0.000000000000000E+000
 C  0.808765190000000      -2.996100000000000E-004  0.000000000000000E+000
           6
       -0.0000034072
 O  0.828692780000000        1.16169550000000       0.000000000000000E+000
 O  0.826580110000000       -1.16233555000000       0.000000000000000E+000
 O  -50.7912308400000       1.993377000000000E-002  0.000000000000000E+000
 H  -51.3748638500000       0.780528420000000       0.000000000000000E+000
 H  -51.3745957400000      -0.740868150000000       0.000000000000000E+000
 C  0.808765190000000      -2.996100000000000E-004  0.000000000000000E+000
           6
       -0.0000034072
 O  0.828692780000000        1.16169550000000       0.000000000000000E+000
 O  0.826580110000000       -1.16233555000000       0.000000000000000E+000
 O  -51.2912308000000       2.012983000000000E-002  0.000000000000000E+000
 H  -51.8748638100000       0.780724480000000       0.000000000000000E+000
 H  -51.8745957000000      -0.740672090000000       0.000000000000000E+000
 C  0.808765190000000      -2.996100000000000E-004  0.000000000000000E+000
           6
       -0.0000034072
 O  0.828692780000000        1.16169550000000       0.000000000000000E+000
 O  0.826580110000000       -1.16233555000000       0.000000000000000E+000
 O  -51.7912307700000       2.032589000000000E-002  0.000000000000000E+000
 H  -52.3748637800000       0.780920540000000       0.000000000000000E+000
 H  -52.3745956700000      -0.740476030000000       0.000000000000000E+000
 C  0.808765190000000      -2.996100000000000E-004  0.000000000000000E+000
           6
       -0.0000034072
 O  0.828692780000000        1.16169550000000       0.000000000000000E+000
 O  0.826580110000000       -1.16233555000000       0.000000000000000E+000
 O  -52.2912307300000       2.052195000000000E-002  0.000000000000000E+000
 H  -52.8748637400000       0.781116600000000       0.000000000000000E+000
 H  -52.8745956300000      -0.740279970000000       0.000000000000000E+000
 C  0.808765190000000      -2.996100000000000E-004  0.000000000000000E+000
           6
       -0.0000034072
 O  0.828692780000000        1.16169550000000       0.000000000000000E+000
 O  0.826580110000000       -1.16233555000000       0.000000000000000E+000
 O  -52.7912306900000       2.071801000000000E-002  0.000000000000000E+000
 H  -53.3748637000000       0.781312660000000       0.000000000000000E+000
 H  -53.3745955900000      -0.740083910000000       0.000000000000000E+000
 C  0.808765190000000      -2.996100000000000E-004  0.000000000000000E+000
           6
       -0.0000034072
 O  0.828692780000000        1.16169550000000       0.000000000000000E+000
 O  0.826580110000000       -1.16233555000000       0.000000000000000E+000
 O  -53.2912306500000       2.091407000000000E-002  0.000000000000000E+000
 H  -53.8748636600000       0.781508720000000       0.000000000000000E+000
 H  -53.8745955500000      -0.739887850000000       0.000000000000000E+000
 C  0.808765190000000      -2.996100000000000E-004  0.000000000000000E+000
           6
       -0.0000034072
 O  0.828692780000000        1.16169550000000       0.000000000000000E+000
 O  0.826580110000000       -1.16233555000000       0.000000000000000E+000
 O  -53.7912306100000       2.111013000000000E-002  0.000000000000000E+000
 H  -54.3748636200000       0.781704780000000       0.000000000000000E+000
 H  -54.3745955100000      -0.739691790000000       0.000000000000000E+000
 C  0.808765190000000      -2.996100000000000E-004  0.000000000000000E+000
           6
       -0.0000034072
 O  0.828692780000000        1.16169550000000       0.000000000000000E+000
 O  0.826580110000000       -1.16233555000000       0.000000000000000E+000
 O  -54.2912305700000       2.130619000000000E-002  0.000000000000000E+000
 H  -54.8748635800000       0.781900840000000       0.000000000000000E+000
 H  -54.8745954700000      -0.739495730000000       0.000000000000000E+000
 C  0.808765190000000      -2.996100000000000E-004  0.000000000000000E+000
           6
       -0.0000034072
 O  0.828692780000000        1.16169550000000       0.000000000000000E+000
 O  0.826580110000000       -1.16233555000000       0.000000000000000E+000
 O  -54.7912305400000       2.150225000000000E-002  0.000000000000000E+000
 H  -55.3748635500000       0.782096900000000       0.000000000000000E+000
 H  -55.3745954400000      -0.739299670000000       0.000000000000000E+000
 C  0.808765190000000      -2.996100000000000E-004  0.000000000000000E+000
           6
       -0.0000034072
 O  0.828692780000000        1.16169550000000       0.000000000000000E+000
 O  0.826580110000000       -1.16233555000000       0.000000000000000E+000
 O  -55.2912305000000       2.169831000000000E-002  0.000000000000000E+000
 H  -55.8748635100000       0.782292960000000       0.000000000000000E+000
 H  -55.8745954000000      -0.739103610000000       0.000000000000000E+000
 C  0.808765190000000      -2.996100000000000E-004  0.000000000000000E+000
           6
       -0.0000034072
 O  0.828692780000000        1.16169550000000       0.000000000000000E+000
 O  0.826580110000000       -1.16233555000000       0.000000000000000E+000
 O  -55.7912304600000       2.189437000000000E-002  0.000000000000000E+000
 H  -56.3748634700000       0.782489020000000       0.000000000000000E+000
 H  -56.3745953600000      -0.738907550000000       0.000000000000000E+000
 C  0.808765190000000      -2.996100000000000E-004  0.000000000000000E+000
           6
       -0.0000034072
 O  0.828692780000000        1.16169550000000       0.000000000000000E+000
 O  0.826580110000000       -1.16233555000000       0.000000000000000E+000
 O  -56.2912304200000       2.209043000000000E-002  0.000000000000000E+000
 H  -56.8748634300000       0.782685080000000       0.000000000000000E+000
 H  -56.8745953200000      -0.738711490000000       0.000000000000000E+000
 C  0.808765190000000      -2.996100000000000E-004  0.000000000000000E+000
           6
       -0.0000034072
 O  0.828692780000000        1.16169550000000       0.000000000000000E+000
 O  0.826580110000000       -1.16233555000000       0.000000000000000E+000
 O  -56.7912303800000       2.228649000000000E-002  0.000000000000000E+000
 H  -57.3748633900000       0.782881140000000       0.000000000000000E+000
 H  -57.3745952800000      -0.738515430000000       0.000000000000000E+000
 C  0.808765190000000      -2.996100000000000E-004  0.000000000000000E+000
           6
       -0.0000034072
 O  0.828692780000000        1.16169550000000       0.000000000000000E+000
 O  0.826580110000000       -1.16233555000000       0.000000000000000E+000
 O  -57.2912303400000       2.248255000000000E-002  0.000000000000000E+000
 H  -57.8748633500000       0.783077200000000       0.000000000000000E+000
 H  -57.8745952400000      -0.738319370000000       0.000000000000000E+000
 C  0.808765190000000      -2.996100000000000E-004  0.000000000000000E+000
           6
       -0.0000034072
 O  0.828692780000000        1.16169550000000       0.000000000000000E+000
 O  0.826580110000000       -1.16233555000000       0.000000000000000E+000
 O  -57.7912303000000       2.267861000000000E-002  0.000000000000000E+000
 H  -58.3748633100000       0.783273260000000       0.000000000000000E+000
 H  -58.3745952000000      -0.738123310000000       0.000000000000000E+000
 C  0.808765190000000      -2.996100000000000E-004  0.000000000000000E+000
           6
       -0.0000034072
 O  0.828692780000000        1.16169550000000       0.000000000000000E+000
 O  0.826580110000000       -1.16233555000000       0.000000000000000E+000
 O  -58.2912302700000       2.287467000000000E-002  0.000000000000000E+000
 H  -58.8748632800000       0.783469320000000       0.000000000000000E+000
 H  -58.8745951700000      -0.737927250000000       0.000000000000000E+000
 C  0.808765190000000      -2.996100000000000E-004  0.000000000000000E+000
           6
       -0.0000034072
 O  0.828692780000000        1.16169550000000       0.000000000000000E+000
 O  0.826580110000000       -1.16233555000000       0.000000000000000E+000
 O  -58.7912302300000       2.307073000000000E-002  0.000000000000000E+000
 H  -59.3748632400000       0.783665380000000       0.000000000000000E+000
 H  -59.3745951300000      -0.737731190000000       0.000000000000000E+000
 C  0.808765190000000      -2.996100000000000E-004  0.000000000000000E+000
           6
       -0.0000034072
 O  0.828692780000000        1.16169550000000       0.000000000000000E+000
 O  0.826580110000000       -1.16233555000000       0.000000000000000E+000
 O  -59.2912301900000       2.326679000000000E-002  0.000000000000000E+000
 H  -59.8748632000000       0.783861440000000       0.000000000000000E+000
 H  -59.8745950900000      -0.737535130000000       0.000000000000000E+000
 C  0.808765190000000      -2.996100000000000E-004  0.000000000000000E+000
           6
       -0.0000034072
 O  0.828692780000000        1.16169550000000       0.000000000000000E+000
 O  0.826580110000000       -1.16233555000000       0.000000000000000E+000
 O  -59.7912301500000       2.346285000000000E-002  0.000000000000000E+000
 H  -60.3748631600000       0.784057500000000       0.000000000000000E+000
 H  -60.3745950500000      -0.737339070000000       0.000000000000000E+000
 C  0.808765190000000      -2.996100000000000E-004  0.000000000000000E+000
           6
       -0.0000034072
 O  0.828692780000000        1.16169550000000       0.000000000000000E+000
 O  0.826580110000000       -1.16233555000000       0.000000000000000E+000
 O  -60.2912301100000       2.365891000000000E-002  0.000000000000000E+000
 H  -60.8748631200000       0.784253560000000       0.000000000000000E+000
 H  -60.8745950100000      -0.737143010000000       0.000000000000000E+000
 C  0.808765190000000      -2.996100000000000E-004  0.000000000000000E+000
           6
       -0.0000034072
 O  0.828692780000000        1.16169550000000       0.000000000000000E+000
 O  0.826580110000000       -1.16233555000000       0.000000000000000E+000
 O  -60.7912300700000       2.385497000000000E-002  0.000000000000000E+000
 H  -61.3748630800000       0.784449620000000       0.000000000000000E+000
 H  -61.3745949700000      -0.736946950000000       0.000000000000000E+000
 C  0.808765190000000      -2.996100000000000E-004  0.000000000000000E+000
           6
       -0.0000034072
 O  0.828692780000000        1.16169550000000       0.000000000000000E+000
 O  0.826580110000000       -1.16233555000000       0.000000000000000E+000
 O  -61.2912300400000       2.405103000000000E-002  0.000000000000000E+000
 H  -61.8748630500000       0.784645680000000       0.000000000000000E+000
 H  -61.8745949400000      -0.736750890000000       0.000000000000000E+000
 C  0.808765190000000      -2.996100000000000E-004  0.000000000000000E+000
           6
       -0.0000034072
 O  0.828692780000000        1.16169550000000       0.000000000000000E+000
 O  0.826580110000000       -1.16233555000000       0.000000000000000E+000
 O  -61.7912300000000       2.424709000000000E-002  0.000000000000000E+000
 H  -62.3748630100000       0.784841740000000       0.000000000000000E+000
 H  -62.3745949000000      -0.736554830000000       0.000000000000000E+000
 C  0.808765190000000      -2.996100000000000E-004  0.000000000000000E+000
           6
       -0.0000034072
 O  0.828692780000000        1.16169550000000       0.000000000000000E+000
 O  0.826580110000000       -1.16233555000000       0.000000000000000E+000
 O  -62.2912299600000       2.444315000000000E-002  0.000000000000000E+000
 H  -62.8748629700000       0.785037800000000       0.000000000000000E+000
 H  -62.8745948600000      -0.736358770000000       0.000000000000000E+000
 C  0.808765190000000      -2.996100000000000E-004  0.000000000000000E+000
           6
       -0.0000034072
 O  0.828692780000000        1.16169550000000       0.000000000000000E+000
 O  0.826580110000000       -1.16233555000000       0.000000000000000E+000
 O  -62.7912299200000       2.463921000000000E-002  0.000000000000000E+000
 H  -63.3748629300000       0.785233860000000       0.000000000000000E+000
 H  -63.3745948200000      -0.736162710000000       0.000000000000000E+000
 C  0.808765190000000      -2.996100000000000E-004  0.000000000000000E+000
           6
       -0.0000034072
 O  0.828692780000000        1.16169550000000       0.000000000000000E+000
 O  0.826580110000000       -1.16233555000000       0.000000000000000E+000
 O  -63.2912298800000       2.483527000000000E-002  0.000000000000000E+000
 H  -63.8748628900000       0.785429920000000       0.000000000000000E+000
 H  -63.8745947800000      -0.735966650000000       0.000000000000000E+000
 C  0.808765190000000      -2.996100000000000E-004  0.000000000000000E+000
           6
       -0.0000034072
 O  0.828692780000000        1.16169550000000       0.000000000000000E+000
 O  0.826580110000000       -1.16233555000000       0.000000000000000E+000
 O  -63.7912298400000       2.503133000000000E-002  0.000000000000000E+000
 H  -64.3748628500000       0.785625980000000       0.000000000000000E+000
 H  -64.3745947400000      -0.735770590000000       0.000000000000000E+000
 C  0.808765190000000      -2.996100000000000E-004  0.000000000000000E+000
           6
       -0.0000034072
 O  0.828692780000000        1.16169550000000       0.000000000000000E+000
 O  0.826580110000000       -1.16233555000000       0.000000000000000E+000
 O  -64.2912298100000       2.522739000000000E-002  0.000000000000000E+000
 H  -64.8748628200000       0.785822040000000       0.000000000000000E+000
 H  -64.8745947100000      -0.735574530000000       0.000000000000000E+000
 C  0.808765190000000      -2.996100000000000E-004  0.000000000000000E+000
           6
       -0.0000034072
 O  0.828692780000000        1.16169550000000       0.000000000000000E+000
 O  0.826580110000000       -1.16233555000000       0.000000000000000E+000
 O  -64.7912297700000       2.542345000000000E-002  0.000000000000000E+000
 H  -65.3748627800000       0.786018100000000       0.000000000000000E+000
 H  -65.3745946700000      -0.735378470000000       0.000000000000000E+000
 C  0.808765190000000      -2.996100000000000E-004  0.000000000000000E+000
           6
       -0.0000034072
 O  0.828692780000000        1.16169550000000       0.000000000000000E+000
 O  0.826580110000000       -1.16233555000000       0.000000000000000E+000
 O  -65.2912297300000       2.561951000000000E-002  0.000000000000000E+000
 H  -65.8748627400000       0.786214160000000       0.000000000000000E+000
 H  -65.8745946300000      -0.735182410000000       0.000000000000000E+000
 C  0.808765190000000      -2.996100000000000E-004  0.000000000000000E+000
           6
       -0.0000034072
 O  0.828692780000000        1.16169550000000       0.000000000000000E+000
 O  0.826580110000000       -1.16233555000000       0.000000000000000E+000
 O  -65.7912296900000       2.581557000000000E-002  0.000000000000000E+000
 H  -66.3748627000000       0.786410220000000       0.000000000000000E+000
 H  -66.3745945900000      -0.734986350000000       0.000000000000000E+000
 C  0.808765190000000      -2.996100000000000E-004  0.000000000000000E+000
           6
       -0.0000034072
 O  0.828692780000000        1.16169550000000       0.000000000000000E+000
 O  0.826580110000000       -1.16233555000000       0.000000000000000E+000
 O  -66.2912296500000       2.601163000000000E-002  0.000000000000000E+000
 H  -66.8748626600000       0.786606280000000       0.000000000000000E+000
 H  -66.8745945500000      -0.734790290000000       0.000000000000000E+000
 C  0.808765190000000      -2.996100000000000E-004  0.000000000000000E+000
           6
       -0.0000034072
 O  0.828692780000000        1.16169550000000       0.000000000000000E+000
 O  0.826580110000000       -1.16233555000000       0.000000000000000E+000
 O  -66.7912296100000       2.620769000000000E-002  0.000000000000000E+000
 H  -67.3748626200000       0.786802340000000       0.000000000000000E+000
 H  -67.3745945100000      -0.734594230000000       0.000000000000000E+000
 C  0.808765190000000      -2.996100000000000E-004  0.000000000000000E+000
           6
       -0.0000034072
 O  0.828692780000000        1.16169550000000       0.000000000000000E+000
 O  0.826580110000000       -1.16233555000000       0.000000000000000E+000
 O  -67.2912295700000       2.640375000000000E-002  0.000000000000000E+000
 H  -67.8748625800000       0.786998400000000       0.000000000000000E+000
 H  -67.8745944700000      -0.734398170000000       0.000000000000000E+000
 C  0.808765190000000      -2.996100000000000E-004  0.000000000000000E+000
           6
       -0.0000034072
 O  0.828692780000000        1.16169550000000       0.000000000000000E+000
 O  0.826580110000000       -1.16233555000000       0.000000000000000E+000
 O  -67.7912295400000       2.659981000000000E-002  0.000000000000000E+000
 H  -68.3748625500000       0.787194460000000       0.000000000000000E+000
 H  -68.3745944400000      -0.734202110000000       0.000000000000000E+000
 C  0.808765190000000      -2.996100000000000E-004  0.000000000000000E+000
           6
       -0.0000034072
 O  0.828692780000000        1.16169550000000       0.000000000000000E+000
 O  0.826580110000000       -1.16233555000000       0.000000000000000E+000
 O  -68.2912295000000       2.679587000000000E-002  0.000000000000000E+000
 H  -68.8748625100000       0.787390520000000       0.000000000000000E+000
 H  -68.8745944000000      -0.734006050000000       0.000000000000000E+000
 C  0.808765190000000      -2.996100000000000E-004  0.000000000000000E+000
           6
       -0.0000034072
 O  0.828692780000000        1.16169550000000       0.000000000000000E+000
 O  0.826580110000000       -1.16233555000000       0.000000000000000E+000
 O  -68.7912294600000       2.699193000000000E-002  0.000000000000000E+000
 H  -69.3748624700000       0.787586580000000       0.000000000000000E+000
 H  -69.3745943600000      -0.733809990000000       0.000000000000000E+000
 C  0.808765190000000      -2.996100000000000E-004  0.000000000000000E+000
           6
       -0.0000034072
 O  0.828692780000000        1.16169550000000       0.000000000000000E+000
 O  0.826580110000000       -1.16233555000000       0.000000000000000E+000
 O  -69.2912294200000       2.718799000000000E-002  0.000000000000000E+000
 H  -69.8748624300000       0.787782640000000       0.000000000000000E+000
 H  -69.8745943200000      -0.733613930000000       0.000000000000000E+000
 C  0.808765190000000      -2.996100000000000E-004  0.000000000000000E+000
           6
       -0.0000034072
 O  0.828692780000000        1.16169550000000       0.000000000000000E+000
 O  0.826580110000000       -1.16233555000000       0.000000000000000E+000
 O  -69.7912293800000       2.738405000000000E-002  0.000000000000000E+000
 H  -70.3748623900000       0.787978700000000       0.000000000000000E+000
 H  -70.3745942800000      -0.733417870000000       0.000000000000000E+000
 C  0.808765190000000      -2.996100000000000E-004  0.000000000000000E+000
           6
       -0.0000034072
 O  0.828692780000000        1.16169550000000       0.000000000000000E+000
 O  0.826580110000000       -1.16233555000000       0.000000000000000E+000
 O  -70.2912293400000       2.758011000000000E-002  0.000000000000000E+000
 H  -70.8748623500000       0.788174760000000       0.000000000000000E+000
 H  -70.8745942400000      -0.733221810000000       0.000000000000000E+000
 C  0.808765190000000      -2.996100000000000E-004  0.000000000000000E+000
           6
       -0.0000034072
 O  0.828692780000000        1.16169550000000       0.000000000000000E+000
 O  0.826580110000000       -1.16233555000000       0.000000000000000E+000
 O  -70.7912293100000       2.777617000000000E-002  0.000000000000000E+000
 H  -71.3748623200000       0.788370820000000       0.000000000000000E+000
 H  -71.3745942100000      -0.733025750000000       0.000000000000000E+000
 C  0.808765190000000      -2.996100000000000E-004  0.000000000000000E+000
           6
       -0.0000034072
 O  0.828692780000000        1.16169550000000       0.000000000000000E+000
 O  0.826580110000000       -1.16233555000000       0.000000000000000E+000
 O  -71.2912292700000       2.797223000000000E-002  0.000000000000000E+000
 H  -71.8748622800000       0.788566880000000       0.000000000000000E+000
 H  -71.8745941700000      -0.732829690000000       0.000000000000000E+000
 C  0.808765190000000      -2.996100000000000E-004  0.000000000000000E+000
           6
       -0.0000034072
 O  0.828692780000000        1.16169550000000       0.000000000000000E+000
 O  0.826580110000000       -1.16233555000000       0.000000000000000E+000
 O  -71.7912292300000       2.816829000000000E-002  0.000000000000000E+000
 H  -72.3748622400000       0.788762940000000       0.000000000000000E+000
 H  -72.3745941300000      -0.732633630000000       0.000000000000000E+000
 C  0.808765190000000      -2.996100000000000E-004  0.000000000000000E+000
           6
       -0.0000034072
 O  0.828692780000000        1.16169550000000       0.000000000000000E+000
 O  0.826580110000000       -1.16233555000000       0.000000000000000E+000
 O  -72.2912291900000       2.836435000000000E-002  0.000000000000000E+000
 H  -72.8748622000000       0.788959000000000       0.000000000000000E+000
 H  -72.8745940900000      -0.732437570000000       0.000000000000000E+000
 C  0.808765190000000      -2.996100000000000E-004  0.000000000000000E+000
           6
       -0.0000034072
 O  0.828692780000000        1.16169550000000       0.000000000000000E+000
 O  0.826580110000000       -1.16233555000000       0.000000000000000E+000
 O  -72.7912291500000       2.856041000000000E-002  0.000000000000000E+000
 H  -73.3748621600000       0.789155060000000       0.000000000000000E+000
 H  -73.3745940500000      -0.732241510000000       0.000000000000000E+000
 C  0.808765190000000      -2.996100000000000E-004  0.000000000000000E+000
           6
       -0.0000034072
 O  0.828692780000000        1.16169550000000       0.000000000000000E+000
 O  0.826580110000000       -1.16233555000000       0.000000000000000E+000
 O  -73.2912291100000       2.875647000000000E-002  0.000000000000000E+000
 H  -73.8748621200000       0.789351120000000       0.000000000000000E+000
 H  -73.8745940100000      -0.732045450000000       0.000000000000000E+000
 C  0.808765190000000      -2.996100000000000E-004  0.000000000000000E+000
           6
       -0.0000034072
 O  0.828692780000000        1.16169550000000       0.000000000000000E+000
 O  0.826580110000000       -1.16233555000000       0.000000000000000E+000
 O  -73.7912290700000       2.895253000000000E-002  0.000000000000000E+000
 H  -74.3748620800000       0.789547180000000       0.000000000000000E+000
 H  -74.3745939700000      -0.731849390000000       0.000000000000000E+000
 C  0.808765190000000      -2.996100000000000E-004  0.000000000000000E+000
           6
       -0.0000034072
 O  0.828692780000000        1.16169550000000       0.000000000000000E+000
 O  0.826580110000000       -1.16233555000000       0.000000000000000E+000
 O  -74.2912290400000       2.914859000000000E-002  0.000000000000000E+000
 H  -74.8748620500000       0.789743240000000       0.000000000000000E+000
 H  -74.8745939400000      -0.731653330000000       0.000000000000000E+000
 C  0.808765190000000      -2.996100000000000E-004  0.000000000000000E+000
           6
       -0.0000034072
 O  0.828692780000000        1.16169550000000       0.000000000000000E+000
 O  0.826580110000000       -1.16233555000000       0.000000000000000E+000
 O  -74.7912290000000       2.934465000000000E-002  0.000000000000000E+000
 H  -75.3748620100000       0.789939300000000       0.000000000000000E+000
 H  -75.3745939000000      -0.731457270000000       0.000000000000000E+000
 C  0.808765190000000      -2.996100000000000E-004  0.000000000000000E+000
           6
       -0.0000034072
 O  0.828692780000000        1.16169550000000       0.000000000000000E+000
 O  0.826580110000000       -1.16233555000000       0.000000000000000E+000
 O  -75.2912289600000       2.954071000000000E-002  0.000000000000000E+000
 H  -75.8748619700000       0.790135360000000       0.000000000000000E+000
 H  -75.8745938600000      -0.731261210000000       0.000000000000000E+000
 C  0.808765190000000      -2.996100000000000E-004  0.000000000000000E+000
           6
       -0.0000034072
 O  0.828692780000000        1.16169550000000       0.000000000000000E+000
 O  0.826580110000000       -1.16233555000000       0.000000000000000E+000
 O  -75.7912289200000       2.973677000000000E-002  0.000000000000000E+000
 H  -76.3748619300000       0.790331420000000       0.000000000000000E+000
 H  -76.3745938200000      -0.731065150000000       0.000000000000000E+000
 C  0.808765190000000      -2.996100000000000E-004  0.000000000000000E+000
           6
       -0.0000034072
 O  0.828692780000000        1.16169550000000       0.000000000000000E+000
 O  0.826580110000000       -1.16233555000000       0.000000000000000E+000
 O  -76.2912288800000       2.993283000000000E-002  0.000000000000000E+000
 H  -76.8748618900000       0.790527480000000       0.000000000000000E+000
 H  -76.8745937800000      -0.730869090000000       0.000000000000000E+000
 C  0.808765190000000      -2.996100000000000E-004  0.000000000000000E+000
           6
       -0.0000034072
 O  0.828692780000000        1.16169550000000       0.000000000000000E+000
 O  0.826580110000000       -1.16233555000000       0.000000000000000E+000
 O  -76.7912288400000       3.012889000000000E-002  0.000000000000000E+000
 H  -77.3748618500000       0.790723540000000       0.000000000000000E+000
 H  -77.3745937400000      -0.730673030000000       0.000000000000000E+000
 C  0.808765190000000      -2.996100000000000E-004  0.000000000000000E+000
           6
       -0.0000034072
 O  0.828692780000000        1.16169550000000       0.000000000000000E+000
 O  0.826580110000000       -1.16233555000000       0.000000000000000E+000
 O  -77.2912288100000       3.032495000000000E-002  0.000000000000000E+000
 H  -77.8748618200000       0.790919600000000       0.000000000000000E+000
 H  -77.8745937100000      -0.730476970000000       0.000000000000000E+000
 C  0.808765190000000      -2.996100000000000E-004  0.000000000000000E+000
           6
       -0.0000034072
 O  0.828692780000000        1.16169550000000       0.000000000000000E+000
 O  0.826580110000000       -1.16233555000000       0.000000000000000E+000
 O  -77.7912287700000       3.052101000000000E-002  0.000000000000000E+000
 H  -78.3748617800000       0.791115660000000       0.000000000000000E+000
 H  -78.3745936700000      -0.730280910000000       0.000000000000000E+000
 C  0.808765190000000      -2.996100000000000E-004  0.000000000000000E+000
           6
       -0.0000034072
 O  0.828692780000000        1.16169550000000       0.000000000000000E+000
 O  0.826580110000000       -1.16233555000000       0.000000000000000E+000
 O  -78.2912287300000       3.071707000000000E-002  0.000000000000000E+000
 H  -78.8748617400000       0.791311720000000       0.000000000000000E+000
 H  -78.8745936300000      -0.730084850000000       0.000000000000000E+000
 C  0.808765190000000      -2.996100000000000E-004  0.000000000000000E+000
           6
       -0.0000034072
 O  0.828692780000000        1.16169550000000       0.000000000000000E+000
 O  0.826580110000000       -1.16233555000000       0.000000000000000E+000
 O  -78.7912286900000       3.091313000000000E-002  0.000000000000000E+000
 H  -79.3748617000000       0.791507780000000       0.000000000000000E+000
 H  -79.3745935900000      -0.729888790000000       0.000000000000000E+000
 C  0.808765190000000      -2.996100000000000E-004  0.000000000000000E+000
           6
       -0.0000034072
 O  0.828692780000000        1.16169550000000       0.000000000000000E+000
 O  0.826580110000000       -1.16233555000000       0.000000000000000E+000
 O  -79.2912286500000       3.110919000000000E-002  0.000000000000000E+000
 H  -79.8748616600000       0.791703840000000       0.000000000000000E+000
 H  -79.8745935500000      -0.729692730000000       0.000000000000000E+000
 C  0.808765190000000      -2.996100000000000E-004  0.000000000000000E+000
           6
       -0.0000034072
 O  0.828692780000000        1.16169550000000       0.000000000000000E+000
 O  0.826580110000000       -1.16233555000000       0.000000000000000E+000
 O  -79.7912286100000       3.130525000000000E-002  0.000000000000000E+000
 H  -80.3748616200000       0.791899900000000       0.000000000000000E+000
 H  -80.3745935100000      -0.729496670000000       0.000000000000000E+000
 C  0.808765190000000      -2.996100000000000E-004  0.000000000000000E+000
           6
       -0.0000034072
 O  0.828692780000000        1.16169550000000       0.000000000000000E+000
 O  0.826580110000000       -1.16233555000000       0.000000000000000E+000
 O  -80.2912285800000       3.150131000000000E-002  0.000000000000000E+000
 H  -80.8748615900000       0.792095960000000       0.000000000000000E+000
 H  -80.8745934800000      -0.729300610000000       0.000000000000000E+000
 C  0.808765190000000      -2.996100000000000E-004  0.000000000000000E+000
           6
       -0.0000034072
 O  0.828692780000000        1.16169550000000       0.000000000000000E+000
 O  0.826580110000000       -1.16233555000000       0.000000000000000E+000
 O  -80.7912285400000       3.169737000000000E-002  0.000000000000000E+000
 H  -81.3748615500000       0.792292020000000       0.000000000000000E+000
 H  -81.3745934400000      -0.729104550000000       0.000000000000000E+000
 C  0.808765190000000      -2.996100000000000E-004  0.000000000000000E+000
           6
       -0.0000034072
 O  0.828692780000000        1.16169550000000       0.000000000000000E+000
 O  0.826580110000000       -1.16233555000000       0.000000000000000E+000
 O  -81.2912285000000       3.189343000000000E-002  0.000000000000000E+000
 H  -81.8748615100000       0.792488080000000       0.000000000000000E+000
 H  -81.8745934000000      -0.728908490000000       0.000000000000000E+000
 C  0.808765190000000      -2.996100000000000E-004  0.000000000000000E+000
           6
       -0.0000034072
 O  0.828692780000000        1.16169550000000       0.000000000000000E+000
 O  0.826580110000000       -1.16233555000000       0.000000000000000E+000
 O  -81.7912284600000       3.208949000000000E-002  0.000000000000000E+000
 H  -82.3748614700000       0.792684140000000       0.000000000000000E+000
 H  -82.3745933600000      -0.728712430000000       0.000000000000000E+000
 C  0.808765190000000      -2.996100000000000E-004  0.000000000000000E+000
           6
       -0.0000034072
 O  0.828692780000000        1.16169550000000       0.000000000000000E+000
 O  0.826580110000000       -1.16233555000000       0.000000000000000E+000
 O  -82.2912284200000       3.228555000000000E-002  0.000000000000000E+000
 H  -82.8748614300000       0.792880200000000       0.000000000000000E+000
 H  -82.8745933200000      -0.728516370000000       0.000000000000000E+000
 C  0.808765190000000      -2.996100000000000E-004  0.000000000000000E+000
           6
       -0.0000034072
 O  0.828692780000000        1.16169550000000       0.000000000000000E+000
 O  0.826580110000000       -1.16233555000000       0.000000000000000E+000
 O  -82.7912283800000       3.248161000000000E-002  0.000000000000000E+000
 H  -83.3748613900000       0.793076260000000       0.000000000000000E+000
 H  -83.3745932800000      -0.728320310000000       0.000000000000000E+000
 C  0.808765190000000      -2.996100000000000E-004  0.000000000000000E+000
           6
       -0.0000034072
 O  0.828692780000000        1.16169550000000       0.000000000000000E+000
 O  0.826580110000000       -1.16233555000000       0.000000000000000E+000
 O  -83.2912283400000       3.267767000000000E-002  0.000000000000000E+000
 H  -83.8748613500000       0.793272320000000       0.000000000000000E+000
 H  -83.8745932400000      -0.728124250000000       0.000000000000000E+000
 C  0.808765190000000      -2.996100000000000E-004  0.000000000000000E+000
           6
       -0.0000034072
 O  0.828692780000000        1.16169550000000       0.000000000000000E+000
 O  0.826580110000000       -1.16233555000000       0.000000000000000E+000
 O  -83.7912283100000       3.287373000000000E-002  0.000000000000000E+000
 H  -84.3748613200000       0.793468380000000       0.000000000000000E+000
 H  -84.3745932100000      -0.727928190000000       0.000000000000000E+000
 C  0.808765190000000      -2.996100000000000E-004  0.000000000000000E+000
           6
       -0.0000034072
 O  0.828692780000000        1.16169550000000       0.000000000000000E+000
 O  0.826580110000000       -1.16233555000000       0.000000000000000E+000
 O  -84.2912282700000       3.306979000000000E-002  0.000000000000000E+000
 H  -84.8748612800000       0.793664440000000       0.000000000000000E+000
 H  -84.8745931700000      -0.727732130000000       0.000000000000000E+000
 C  0.808765190000000      -2.996100000000000E-004  0.000000000000000E+000
           6
       -0.0000034072
 O  0.828692780000000        1.16169550000000       0.000000000000000E+000
 O  0.826580110000000       -1.16233555000000       0.000000000000000E+000
 O  -84.7912282300000       3.326585000000000E-002  0.000000000000000E+000
 H  -85.3748612400000       0.793860500000000       0.000000000000000E+000
 H  -85.3745931300000      -0.727536070000000       0.000000000000000E+000
 C  0.808765190000000      -2.996100000000000E-004  0.000000000000000E+000
           6
       -0.0000034072
 O  0.828692780000000        1.16169550000000       0.000000000000000E+000
 O  0.826580110000000       -1.16233555000000       0.000000000000000E+000
 O  -85.2912281900000       3.346191000000000E-002  0.000000000000000E+000
 H  -85.8748612000000       0.794056560000000       0.000000000000000E+000
 H  -85.8745930900000      -0.727340010000000       0.000000000000000E+000
 C  0.808765190000000      -2.996100000000000E-004  0.000000000000000E+000
           6
       -0.0000034072
 O  0.828692780000000        1.16169550000000       0.000000000000000E+000
 O  0.826580110000000       -1.16233555000000       0.000000000000000E+000
 O  -85.7912281500000       3.365797000000000E-002  0.000000000000000E+000
 H  -86.3748611600000       0.794252620000000       0.000000000000000E+000
 H  -86.3745930500000      -0.727143950000000       0.000000000000000E+000
 C  0.808765190000000      -2.996100000000000E-004  0.000000000000000E+000
           6
       -0.0000034072
 O  0.828692780000000        1.16169550000000       0.000000000000000E+000
 O  0.826580110000000       -1.16233555000000       0.000000000000000E+000
 O  -86.2912281100000       3.385403000000000E-002  0.000000000000000E+000
 H  -86.8748611200000       0.794448680000000       0.000000000000000E+000
 H  -86.8745930100000      -0.726947890000000       0.000000000000000E+000
 C  0.808765190000000      -2.996100000000000E-004  0.000000000000000E+000
           6
       -0.0000034072
 O  0.828692780000000        1.16169550000000       0.000000000000000E+000
 O  0.826580110000000       -1.16233555000000       0.000000000000000E+000
 O  -86.7912280800000       3.405009000000000E-002  0.000000000000000E+000
 H  -87.3748610900000       0.794644740000000       0.000000000000000E+000
 H  -87.3745929800000      -0.726751830000000       0.000000000000000E+000
 C  0.808765190000000      -2.996100000000000E-004  0.000000000000000E+000
           6
       -0.0000034072
 O  0.828692780000000        1.16169550000000       0.000000000000000E+000
 O  0.826580110000000       -1.16233555000000       0.000000000000000E+000
 O  -87.2912280400000       3.424615000000000E-002  0.000000000000000E+000
 H  -87.8748610500000       0.794840800000000       0.000000000000000E+000
 H  -87.8745929400000      -0.726555770000000       0.000000000000000E+000
 C  0.808765190000000      -2.996100000000000E-004  0.000000000000000E+000
           6
       -0.0000034072
 O  0.828692780000000        1.16169550000000       0.000000000000000E+000
 O  0.826580110000000       -1.16233555000000       0.000000000000000E+000
 O  -87.7912280000000       3.444221000000000E-002  0.000000000000000E+000
 H  -88.3748610100000       0.795036860000000       0.000000000000000E+000
 H  -88.3745929000000      -0.726359710000000       0.000000000000000E+000
 C  0.808765190000000      -2.996100000000000E-004  0.000000000000000E+000
           6
       -0.0000034072
 O  0.828692780000000        1.16169550000000       0.000000000000000E+000
 O  0.826580110000000       -1.16233555000000       0.000000000000000E+000
 O  -88.2912279600000       3.463827000000000E-002  0.000000000000000E+000
 H  -88.8748609700000       0.795232920000000       0.000000000000000E+000
 H  -88.8745928600000      -0.726163650000000       0.000000000000000E+000
 C  0.808765190000000      -2.996100000000000E-004  0.000000000000000E+000
           6
       -0.0000034072
 O  0.828692780000000        1.16169550000000       0.000000000000000E+000
 O  0.826580110000000       -1.16233555000000       0.000000000000000E+000
 O  -88.7912279200000       3.483433000000000E-002  0.000000000000000E+000
 H  -89.3748609300000       0.795428980000000       0.000000000000000E+000
 H  -89.3745928200000      -0.725967590000000       0.000000000000000E+000
 C  0.808765190000000      -2.996100000000000E-004  0.000000000000000E+000
           6
       -0.0000034072
 O  0.828692780000000        1.16169550000000       0.000000000000000E+000
 O  0.826580110000000       -1.16233555000000       0.000000000000000E+000
 O  -89.2912278800000       3.503039000000000E-002  0.000000000000000E+000
 H  -89.8748608900000       0.795625040000000       0.000000000000000E+000
 H  -89.8745927800000      -0.725771530000000       0.000000000000000E+000
 C  0.808765190000000      -2.996100000000000E-004  0.000000000000000E+000
           6
       -0.0000034072
 O  0.828692780000000        1.16169550000000       0.000000000000000E+000
 O  0.826580110000000       -1.16233555000000       0.000000000000000E+000
 O  -89.7912278400000       3.522645000000000E-002  0.000000000000000E+000
 H  -90.3748608500000       0.795821100000000       0.000000000000000E+000
 H  -90.3745927400000      -0.725575470000000       0.000000000000000E+000
 C  0.808765190000000      -2.996100000000000E-004  0.000000000000000E+000
           6
       -0.0000034072
 O  0.828692780000000        1.16169550000000       0.000000000000000E+000
 O  0.826580110000000       -1.16233555000000       0.000000000000000E+000
 O  -90.2912278100000       3.542251000000000E-002  0.000000000000000E+000
 H  -90.8748608200000       0.796017160000000       0.000000000000000E+000
 H  -90.8745927100000      -0.725379410000000       0.000000000000000E+000
 C  0.808765190000000      -2.996100000000000E-004  0.000000000000000E+000
           6
       -0.0000034072
 O  0.828692780000000        1.16169550000000       0.000000000000000E+000
 O  0.826580110000000       -1.16233555000000       0.000000000000000E+000
 O  -90.7912277700000       3.561857000000000E-002  0.000000000000000E+000
 H  -91.3748607800000       0.796213220000000       0.000000000000000E+000
 H  -91.3745926700000      -0.725183350000000       0.000000000000000E+000
 C  0.808765190000000      -2.996100000000000E-004  0.000000000000000E+000
           6
       -0.0000034072
 O  0.828692780000000        1.16169550000000       0.000000000000000E+000
 O  0.826580110000000       -1.16233555000000       0.000000000000000E+000
 O  -91.2912277300000       3.581463000000000E-002  0.000000000000000E+000
 H  -91.8748607400000       0.796409280000000       0.000000000000000E+000
 H  -91.8745926300000      -0.724987290000000       0.000000000000000E+000
 C  0.808765190000000      -2.996100000000000E-004  0.000000000000000E+000
           6
       -0.0000034072
 O  0.828692780000000        1.16169550000000       0.000000000000000E+000
 O  0.826580110000000       -1.16233555000000       0.000000000000000E+000
 O  -91.7912276900000       3.601069000000000E-002  0.000000000000000E+000
 H  -92.3748607000000       0.796605340000000       0.000000000000000E+000
 H  -92.3745925900000      -0.724791230000000       0.000000000000000E+000
 C  0.808765190000000      -2.996100000000000E-004  0.000000000000000E+000
           6
       -0.0000034072
 O  0.828692780000000        1.16169550000000       0.000000000000000E+000
 O  0.826580110000000       -1.16233555000000       0.000000000000000E+000
 O  -92.2912276500000       3.620675000000000E-002  0.000000000000000E+000
 H  -92.8748606600000       0.796801400000000       0.000000000000000E+000
 H  -92.8745925500000      -0.724595170000000       0.000000000000000E+000
 C  0.808765190000000      -2.996100000000000E-004  0.000000000000000E+000
           6
       -0.0000034072
 O  0.828692780000000        1.16169550000000       0.000000000000000E+000
 O  0.826580110000000       -1.16233555000000       0.000000000000000E+000
 O  -92.7912276100000       3.640281000000000E-002  0.000000000000000E+000
 H  -93.3748606200000       0.796997460000000       0.000000000000000E+000
 H  -93.3745925100000      -0.724399110000000       0.000000000000000E+000
 C  0.808765190000000      -2.996100000000000E-004  0.000000000000000E+000
           6
       -0.0000034072
 O  0.828692780000000        1.16169550000000       0.000000000000000E+000
 O  0.826580110000000       -1.16233555000000       0.000000000000000E+000
 O  -93.2912275800000       3.659887000000000E-002  0.000000000000000E+000
 H  -93.8748605900000       0.797193520000000       0.000000000000000E+000
 H  -93.8745924800000      -0.724203050000000       0.000000000000000E+000
 C  0.808765190000000      -2.996100000000000E-004  0.000000000000000E+000
           6
       -0.0000034072
 O  0.828692780000000        1.16169550000000       0.000000000000000E+000
 O  0.826580110000000       -1.16233555000000       0.000000000000000E+000
 O  -93.7912275400000       3.679493000000000E-002  0.000000000000000E+000
 H  -94.3748605500000       0.797389580000000       0.000000000000000E+000
 H  -94.3745924400000      -0.724006990000000       0.000000000000000E+000
 C  0.808765190000000      -2.996100000000000E-004  0.000000000000000E+000
           6
       -0.0000034072
 O  0.828692780000000        1.16169550000000       0.000000000000000E+000
 O  0.826580110000000       -1.16233555000000       0.000000000000000E+000
 O  -94.2912275000000       3.699099000000000E-002  0.000000000000000E+000
 H  -94.8748605100000       0.797585640000000       0.000000000000000E+000
 H  -94.8745924000000      -0.723810930000000       0.000000000000000E+000
 C  0.808765190000000      -2.996100000000000E-004  0.000000000000000E+000
           6
       -0.0000034072
 O  0.828692780000000        1.16169550000000       0.000000000000000E+000
 O  0.826580110000000       -1.16233555000000       0.000000000000000E+000
 O  -94.7912274600000       3.718705000000000E-002  0.000000000000000E+000
 H  -95.3748604700000       0.797781700000000       0.000000000000000E+000
 H  -95.3745923600000      -0.723614870000000       0.000000000000000E+000
 C  0.808765190000000      -2.996100000000000E-004  0.000000000000000E+000
           6
       -0.0000034072
 O  0.828692780000000        1.16169550000000       0.000000000000000E+000
 O  0.826580110000000       -1.16233555000000       0.000000000000000E+000
 O  -95.2912274200000       3.738311000000000E-002  0.000000000000000E+000
 H  -95.8748604300000       0.797977760000000       0.000000000000000E+000
 H  -95.8745923200000      -0.723418810000000       0.000000000000000E+000
 C  0.808765190000000      -2.996100000000000E-004  0.000000000000000E+000
           6
       -0.0000034072
 O  0.828692780000000        1.16169550000000       0.000000000000000E+000
 O  0.826580110000000       -1.16233555000000       0.000000000000000E+000
 O  -95.7912273800000       3.757917000000000E-002  0.000000000000000E+000
 H  -96.3748603900000       0.798173820000000       0.000000000000000E+000
 H  -96.3745922800000      -0.723222750000000       0.000000000000000E+000
 C  0.808765190000000      -2.996100000000000E-004  0.000000000000000E+000
           6
       -0.0000034072
 O  0.828692780000000        1.16169550000000       0.000000000000000E+000
 O  0.826580110000000       -1.16233555000000       0.000000000000000E+000
 O  -96.2912273500000       3.777523000000000E-002  0.000000000000000E+000
 H  -96.8748603600000       0.798369880000000       0.000000000000000E+000
 H  -96.8745922500000      -0.723026690000000       0.000000000000000E+000
 C  0.808765190000000      -2.996100000000000E-004  0.000000000000000E+000
           6
       -0.0000034072
 O  0.828692780000000        1.16169550000000       0.000000000000000E+000
 O  0.826580110000000       -1.16233555000000       0.000000000000000E+000
 O  -96.7912273100000       3.797129000000000E-002  0.000000000000000E+000
 H  -97.3748603200000       0.798565940000000       0.000000000000000E+000
 H  -97.3745922100000      -0.722830630000000       0.000000000000000E+000
 C  0.808765190000000      -2.996100000000000E-004  0.000000000000000E+000
           6
       -0.0000034072
 O  0.828692780000000        1.16169550000000       0.000000000000000E+000
 O  0.826580110000000       -1.16233555000000       0.000000000000000E+000
 O  -97.2912272700000       3.816735000000000E-002  0.000000000000000E+000
 H  -97.8748602800000       0.798762000000000       0.000000000000000E+000
 H  -97.8745921700000      -0.722634570000000       0.000000000000000E+000
 C  0.808765190000000      -2.996100000000000E-004  0.000000000000000E+000
           6
       -0.0000034072
 O  0.828692780000000        1.16169550000000       0.000000000000000E+000
 O  0.826580110000000       -1.16233555000000       0.000000000000000E+000
 O  -97.7912272300000       3.836341000000000E-002  0.000000000000000E+000
 H  -98.3748602400000       0.798958060000000       0.000000000000000E+000
 H  -98.3745921300000      -0.722438510000000       0.000000000000000E+000
 C  0.808765190000000      -2.996100000000000E-004  0.000000000000000E+000
           6
       -0.0000034072
 O  0.828692780000000        1.16169550000000       0.000000000000000E+000
 O  0.826580110000000       -1.16233555000000       0.000000000000000E+000
 O  -98.2912271900000       3.855947000000000E-002  0.000000000000000E+000
 H  -98.8748602000000       0.799154120000000       0.000000000000000E+000
 H  -98.8745920900000      -0.722242450000000       0.000000000000000E+000
 C  0.808765190000000      -2.996100000000000E-004  0.000000000000000E+000
           6
       -0.0000034072
 O  0.828692780000000        1.16169550000000       0.000000000000000E+000
 O  0.826580110000000       -1.16233555000000       0.000000000000000E+000
 O  -98.7912271500000       3.875553000000000E-002  0.000000000000000E+000
 H  -99.3748601600000       0.799350180000000       0.000000000000000E+000
 H  -99.3745920500000      -0.722046390000000       0.000000000000000E+000
 C  0.808765190000000      -2.996100000000000E-004  0.000000000000000E+000
