    -12.2728972     -4.3167490     -4.2906850
     -1.8585081      2.0737137      5.1322474
     25.3746783     66.8743843    115.9420546
    153.8236100    173.0682116    664.0291148
    678.1016104   1355.2772146   1644.3211661
   2400.4795210   3828.1797249   3950.0411224
 
 
Mode       1
      0.1729187      0.5737488      0.0000000
     -0.1704999      0.5746472     -0.0000000
      0.0001985      0.1845436     -0.0000000
      0.0185715      0.0320595      0.0000000
     -0.0185542      0.0321665     -0.0000000
      0.0010392      0.4947854      0.0000000
 
Mode       2
      0.0000000      0.0000000      0.1262392
     -0.0000000      0.0000000      0.0795554
     -0.0000000     -0.0000000      0.9124590
      0.0000000     -0.0000000      0.2646798
     -0.0000000     -0.0000000      0.2573471
     -0.0000000      0.0000000      0.0941821
 
Mode       3
     -0.3832522     -0.0155145      0.0000000
      0.3959675     -0.0175519      0.0000000
      0.0085258      0.7806820      0.0000000
     -0.0123185      0.2070615      0.0000000
      0.0166631      0.2069777      0.0000000
      0.0055212     -0.0082135      0.0000000
 
Mode       4
     -0.0000000     -0.0000000      0.5967790
     -0.0000000     -0.0000000      0.5934679
     -0.0000000     -0.0000000     -0.1506650
     -0.0000000     -0.0000000     -0.0632896
     -0.0000000     -0.0000000     -0.0638333
     -0.0000000     -0.0000000      0.5107547
 
Mode       5
      0.5142314     -0.0010637     -0.0000000
      0.5023413     -0.0010317      0.0000000
      0.5068274     -0.0106493     -0.0000000
      0.1265179     -0.0021301     -0.0000000
      0.1279149     -0.0021431      0.0000000
      0.4402846     -0.0010102      0.0000000
 
Mode       6
     -0.0000000      0.0000000     -0.6936503
     -0.0000000      0.0000000      0.7033303
     -0.0000000      0.0000000      0.0303780
     -0.0000000      0.0000000     -0.0992897
     -0.0000000      0.0000000      0.1156521
     -0.0000000      0.0000000      0.0043609
 
Mode       7
     -0.4156051      0.1178766     -0.0000000
      0.4185480      0.1156947      0.0000000
      0.0005386     -0.2063979      0.0000000
      0.3964443     -0.3576372     -0.0000000
     -0.3979351     -0.3553428      0.0000000
      0.0012974      0.1118685     -0.0000000
 
Mode       8
     -0.0000000      0.0000000      0.0209005
      0.0000000      0.0000000      0.0218606
      0.0000000      0.0000000     -0.3790678
      0.0000000      0.0000000      0.6543003
     -0.0000000      0.0000000      0.6536686
      0.0000000      0.0000000      0.0011306
 
Mode       9
     -0.3201726      0.0008928     -0.0000000
     -0.3200596      0.0008393      0.0000000
      0.7937355     -0.0022315      0.0000000
      0.2006958     -0.0017408     -0.0000000
      0.2007162      0.0006232      0.0000000
     -0.2906183      0.0007842      0.0000000
 
Mode      10
     -0.0000000      0.0000000     -0.1075733
      0.0000000      0.0000000      0.1074938
      0.0000000     -0.0000000      0.0001144
     -0.0000000      0.0000000      0.6985003
      0.0000000      0.0000000     -0.6992642
     -0.0000000      0.0000000     -0.0000156
 
Mode      11
     -0.3800103      0.1452064      0.0000000
      0.3808122      0.1432172     -0.0000000
     -0.0014296     -0.4901798     -0.0000000
     -0.4117786      0.1945047     -0.0000000
      0.4128852      0.1921201      0.0000000
      0.0003423      0.1179905     -0.0000000
 
Mode      12
     -0.3729025     -0.0182253      0.0000000
     -0.3728049      0.0201752     -0.0000000
      0.0108094     -0.0000243     -0.0000000
     -0.0012353      0.0033875      0.0000000
     -0.0012671     -0.0033871     -0.0000000
      0.8491603     -0.0022203      0.0000000
 
Mode      13
     -0.0000000     -0.0000000      0.3670951
     -0.0000000     -0.0000000      0.3670973
     -0.0000000      0.0000000      0.0101673
     -0.0000000      0.0000000     -0.0083104
      0.0000000     -0.0000000     -0.0083219
      0.0000000      0.0000000     -0.8545402
 
Mode      14
      0.0082564     -0.7068574     -0.0000000
      0.0119533      0.7068063      0.0000000
     -0.0017148      0.0000045     -0.0000000
      0.0028978     -0.0028123     -0.0000000
      0.0029134      0.0027956      0.0000000
     -0.0230376      0.0000578     -0.0000000
 
Mode      15
     -0.0018661      0.0040585      0.0000000
     -0.0018852     -0.0040427     -0.0000000
     -0.2741148      0.0007895     -0.0000000
      0.5404186     -0.4127145     -0.0000000
      0.5427941      0.4095876      0.0000000
      0.0069016     -0.0000232      0.0000000
 
Mode      16
      0.0030075     -0.3682302     -0.0000000
     -0.0049335     -0.3682056     -0.0000000
     -0.0000150     -0.0049403      0.0000000
     -0.0055192      0.0039402     -0.0000000
      0.0055494      0.0039140     -0.0000000
      0.0022320      0.8536254      0.0000000
 
Mode      17
      0.0002413     -0.0004379      0.0000000
      0.0002435      0.0004363      0.0000000
     -0.1943591      0.0005867      0.0000000
      0.3891505      0.5740950      0.0000000
      0.3859044     -0.5764354     -0.0000000
     -0.0007803      0.0000023      0.0000000
 
Mode      18
      0.0000094     -0.0003387     -0.0000000
     -0.0000111     -0.0003381      0.0000000
      0.0008009      0.2710335      0.0000000
     -0.4158814     -0.5388882      0.0000000
      0.4126909     -0.5411724      0.0000000
      0.0000018      0.0008735      0.0000000
 
