    5    3    0    1.000000000000E+30  2.000000000000E+00  type(cx_t)
     904  coefficients
 -1.70669384066249E-01  2.03993242043710E-01 -3.44941583365360E-01  2.98468202687860E-01
 -1.43332625451692E-01  1.77715501595092E+00  4.36039509486269E-02  1.73181762132884E+00
  9.62206997317492E-01 -2.68223003696427E+00 -2.71376187281085E+00  1.03518798755041E+02
 -8.21504802495179E-01 -1.17028290280464E+01  1.48757463643011E+00  2.30500653333394E+00
  6.20656054626432E-01 -7.13878591789955E+00  5.06124099074959E+00  3.58187348890264E+00
 -6.49837537324979E+00 -1.11321616585101E+02 -9.64965092430252E+01  1.04810338932597E+02
 -1.17058919318867E+01  1.12955057764100E+00  8.30735441618257E+00  2.51255898726276E+00
 -5.80811115820449E-01 -1.25363118253360E+01 -1.68831413110356E+00  2.10447609337428E+01
  2.41884220438497E+00 -4.19283937876593E+01  2.13815530683671E+00 -3.06299036091084E+02
  2.03318174876007E+01 -4.47455477676832E+00 -4.23658676086286E+00  3.21004592058877E+00
  1.00147017406955E+02 -2.12809123470164E+01  4.37998996306625E+00  4.81239100269135E+01
  1.45848899237206E+02 -1.34771753761310E+02 -8.56197442019151E+01  1.96876980353940E+00
 -1.07607853767399E+02  3.78325692915677E+02  1.11376927080637E+02 -3.65021567283050E+02
  2.70308318582729E+01 -1.20126347926416E+02 -2.20438436991855E+01  6.21031381303801E+02
  2.09178231012468E+02 -2.60528410751423E+01  1.45913945691363E+01  2.01912933185543E+02
 -1.25946870237559E+01 -2.46702653743704E+02  4.90901498447922E+00 -3.79182115962231E+00
 -2.04556857009964E+01 -5.33976835558818E+00  5.01496779518901E+01  1.41578002007438E+01
  2.47777091934795E+01 -4.02937535201886E+02 -2.80529322692681E+02  2.99958147622874E+02
 -3.17807920343183E+01  3.73853269995888E+00 -2.87207935727504E+02 -2.63105897412397E+02
  7.05691063200808E+00  1.96331530223602E+02 -9.27947996334790E+01 -1.18997817025954E+02
  3.01648231086141E+02 -8.83118627847495E+00  1.81017218058490E+01  1.06362591893550E+03
  6.80398788596406E+02 -1.06763385510035E+03  2.56142307481924E+02 -1.24279335856367E+01
  2.72042905083520E+02 -3.10047217503550E+02  1.01225008158087E+02 -3.85921495611502E+02
 -9.25887322501828E+01 -1.15688560813855E+01 -6.61038576685177E+02  2.85473035263700E+00
  4.98151669326442E+02 -1.79978099644242E+00 -8.50658092350905E+01  2.40715496126394E+02
  3.04701525130245E+02 -4.89961176448373E+02  1.55525447319745E-01  1.82934918209094E+01
 -4.05442593917906E+00 -3.15364674617947E+01  5.22259551772161E+00 -9.68927469469157E+01
 -1.65028772360864E+01  2.21904041103191E+02 -4.88544522255427E+00  2.74108755455254E+00
  3.43973658209544E+01  1.88709174874319E+01 -6.52041630280814E+01 -1.97868205220491E+01
 -1.49502813194927E+01  1.23075544082411E+02  4.94059746222797E+01 -6.53365763593798E+01
  8.19322122224538E+01 -5.95607671055280E+00  1.18752418251256E+03 -3.17777184004418E+02
 -1.88697768844125E+03  1.05195647323837E+03 -1.95884365518061E+01  1.47296318198583E+02
  4.24118643900185E+01 -4.17391002414938E+02  3.56151831399341E+02 -6.89199830965907E+01
 -1.11361392242751E+03 -1.69322420787711E+03  1.64814374793256E+03  9.33036168257675E+02
  1.36860147245607E+01 -1.06856540149457E+01  5.28703316322585E+01  3.69246874252079E+01
 -1.86679783566566E+02 -1.08692699425602E+02 -6.58267692735995E+01  1.71614649934673E+02
  9.48084686721539E+01 -1.76717706549334E+00  1.18097874028559E+02  1.06820764398238E+01
  6.56184690271952E+01  1.81417703067382E+02  1.19283280065033E+02  2.45619413767608E+03
  1.93718951304644E+03 -1.35802652482449E+03 -1.31001612532828E+02 -2.52594509519170E+01
  1.89418121713784E+01 -9.52039070876479E+02 -9.78401904682436E+02  8.61343189740576E+02
 -1.71154207889159E+02 -1.67952927010485E+00 -6.50785196085046E+03  4.05614932081934E+02
  7.29615878603569E+03 -2.86194321473711E+03 -5.68511184837783E+02 -3.93854715587687E+02
 -5.57977648781329E+02 -3.55354625261343E+03  4.70282714911355E+03 -2.13387344710901E+03
  1.32925235090044E+04  9.63110626249736E+03 -1.11059020094766E+04  3.40821806055816E+03
  1.17691895678445E+03 -1.17956763446386E+01 -2.07344598172904E+02 -1.06281803979074E+00
 -2.82902696773939E+02  3.07614528271802E+02 -1.27356369573644E+01  1.95916979907845E+02
 -4.35130965062533E+02 -2.32490586581846E+02  6.06151631527475E+02 -2.98787058663516E+01
 -7.64711075160837E+02 -2.45413777229011E+03  2.50846565507389E+03 -1.39188992444231E+04
 -1.64953097928539E+03  6.36807721502904E+03 -1.86377705256225E+02 -2.35402376513113E+03
  1.45813184755845E+02  1.05510866571306E+03  1.47676681188118E+03 -7.59236449518386E+02
 -2.77342094451242E+02 -4.04244165433508E+01  8.84878602390575E-02  3.46787792255875E+01
  3.31159283707559E+01  1.04062616312027E+02 -2.96018609819060E+01 -7.18369563428586E+01
  6.35114504968733E+02  7.22089003143492E+02 -7.88744304785906E+02 -1.17153760530993E+02
  3.09930321848071E+01 -2.70664135810460E+02  1.09780063332956E+02  6.27448151371728E+01
  1.94683142883252E+03  1.04603126114514E+03 -5.35824902823470E+02  2.71637595524755E+02
  6.11860820681426E+00  5.79405450362605E+01  4.97249649286632E+02  2.62580849508255E+02
 -2.56226313488832E+02 -8.75402198916458E+01 -6.60901560594081E+01  8.84578220192656E+02
  6.66406846688564E+01 -4.63585449438885E+02  4.64760943136556E+03  1.82064291347941E+02
 -3.47886538696775E+03 -7.30155485121687E+02  1.15666363172161E+03 -1.42808952984967E+02
 -4.07360516943753E+03 -2.18625868139442E+03  2.05281246545703E+03 -1.05098372661032E+02
  8.98422499340634E+01 -6.35779409798081E+01 -1.22499423858843E+03 -1.17682738163565E+03
  2.88565923647402E+03  4.93008948424882E+02  5.43441639028350E+01 -6.49825106164975E+03
 -7.56393874006645E+03  8.86276593503095E+03 -5.74383396625172E+03 -1.05124813543049E+03
 -3.90556245918343E+03  6.80576043198911E+03 -1.51213761649696E+02 -4.53283036828855E+01
 -3.03852942950421E+03  2.59847388524568E+03  4.12207409399782E+01 -1.92763294269254E+02
 -1.14210033459608E+03 -2.51528450908664E+00 -2.37969512495803E+02 -8.51353481670626E+02
 -5.87468506571565E+01 -4.18059558882659E+02 -2.63788972718535E+02 -1.73216699727528E+03
 -1.55624409407935E+03  1.98814385719899E+03 -2.81698191628888E+02  1.84375813133436E+02
 -4.63989324577937E+02 -1.51068015785470E+02  1.22829105304129E+03  2.51213010288601E+03
 -2.79392514037572E+03  8.24043397036264E+03 -1.03435743597785E+03 -3.97700508119351E+03
 -8.72135202634785E+01  2.18815884894610E+03  1.64524741706852E+01 -6.60699816854988E+01
 -4.88531029258564E+00 -1.51485921524340E+02  2.91464403380184E+01  3.29649065452646E+02
  1.79136652546799E+02 -2.14041543052089E+03  3.18470211862851E+03 -7.89513134930541E+01
 -2.73165963669494E+02  9.10079088766318E+01  1.82776460282206E+03 -2.30346158797074E+03
 -5.91715781585294E+01  9.77573868423440E+02  4.11246365751378E+02 -2.71769127215683E+02
 -6.31610468164964E+02  5.68013157372115E+00 -9.31823067752284E+00  1.02732756322295E+02
  8.41858410776271E+01  3.39477606953038E+02  2.09088601441107E+02 -3.66368656338094E+02
 -1.86775140393809E+02 -3.37870143395264E+02  1.29517033649440E+02 -2.20737672055200E+02
  4.74143960740813E+01 -7.30760866415805E+02 -4.76543044369984E+01 -1.21422512740265E+02
 -1.50427889862182E+03  8.12855287051026E+01  2.22700206515329E+03  1.33001635330882E+02
 -9.49139498435749E+02  2.34534357634103E+03  1.08760704816717E+02 -5.15355116614913E-02
 -4.25639649523214E+00  1.16449063708756E+00  9.45744868954388E+00 -9.71524857720223E-01
 -3.62785537325437E+01  4.38154842637232E+01  3.23808224687728E+02 -4.20007958421918E+01
 -8.52239882188837E+00 -6.73868150795997E+01  1.61677968972440E+01 -1.94453051569386E+02
  7.78583410329129E+01 -1.22903743248919E+01  3.95636444228595E+00 -9.96790004045476E+01
  9.85970417897616E+01  1.53207909470922E+02  2.48882168616008E+00 -1.34038940859421E+03
  4.41029762773008E+02  3.12301080335340E+03 -4.42002345186158E+02 -4.91516348384394E-01
 -3.70135006498301E+02 -1.10053219832348E+02  3.66691286220632E+02 -1.36427768237916E+03
  1.29456195967017E+02  1.06948870678067E+03  1.53415012472769E+03 -1.29542898014853E+03
 -6.32263022159871E+02 -1.67173514857945E+01  4.57073692556146E+00 -1.35171662377160E+01
  1.47937372829940E+01  4.71147565697308E+02  1.61135738381697E+02 -6.00829955685369E+01
 -2.88571625215413E+02 -2.46482908485958E+02  1.44959935136197E+02 -3.76846057410088E+02
 -2.34101340806903E+00 -8.37555122738927E+01  3.67517232170571E+02 -1.83419621690236E+02
 -3.04498824329850E+03 -2.84461585118887E+03  2.20998147391795E+03  1.68492872302763E+02
  2.61784167407082E+01  3.52799337245289E+01  2.24114941246821E+02  5.81655301647102E+02
 -3.87197211783942E+02 -3.47576346350390E+02  7.17607493983326E+00 -1.13691739338109E+04
  1.38572873101721E+03  5.15467701552193E+04  8.63584172316503E+02 -8.76048532269674E+01
 -1.76798072604196E+02 -1.29021765971695E+03 -4.46414009067311E+04 -6.70970965375510E+03
 -7.43473192742701E+02  2.52762278017334E+04  7.92727473779304E+03 -1.32958123581264E+04
  4.52106599197345E+04  4.70010010119635E+02 -3.03566576805972E+01  4.11182552314063E+02
  5.26044955313968E+01 -8.67928987965737E+02  4.81255284280410E+02  7.60695909225717E+01
 -2.04130900464991E+03 -1.58956988382790E+03  2.45273133398303E+03  3.84524478151401E+02
  4.02354289060039E+00  9.76307853317003E+02  2.20555217634203E+03  2.28021211190343E+03
 -5.49189089456512E+04 -5.28877451909287E+04  5.54050464512491E+04 -1.10822056547150E+03
  3.06323972452817E+01 -6.44922974330089E+01  1.05694735072818E+03  1.68427839640092E+03
 -2.41837673096897E+03  4.20685587257637E+02  8.43016552867929E-01  1.82572306020359E+00
  2.86263654439068E+01  1.01326213411781E+01 -4.75184642349049E+02 -1.31184833928591E+02
 -3.18689032133945E+01  2.25388662851172E+01 -2.92858050748634E+01  1.21222509416048E+02
  3.59027238688845E+02 -4.06911270716141E+01  6.68826224402331E+02 -3.25782736649534E+02
  1.79773247010968E+01 -2.11299468982269E+03 -1.42179154197031E+03  1.93216417763547E+03
 -5.71975973310223E+02 -1.29166349289731E+01  1.01123212480910E+02  1.27787694769204E+03
  9.68240524380089E+02 -1.03268289404666E+03  4.05022745939878E+02  2.55567026810994E+01
  8.90299308673507E+01 -2.33181392901491E+02 -1.25272816355036E+03  3.97513652942595E+04
  3.95402642010151E+04 -3.57591371615026E+04 -8.58063247797373E+02  3.01651027518618E+02
  7.09083790925560E+01  5.26309104349507E+03  4.05663442641617E+03 -4.67341143961361E+03
  1.18002254780895E+02 -1.22109083584262E+01 -4.25907103101568E+01  6.69189879167224E+02
  3.61924125260000E+02 -3.61895592504606E+02  9.75758168303571E+02 -1.27876019386387E+01
 -1.05199294529612E+04 -5.40057381041934E+03  5.60402387247281E+03 -3.85795548888768E+04
 -4.56725391908746E+02  3.71730350548320E+03 -6.07748108866688E+03 -3.81217679815544E+04
 -5.96889010551394E+02  2.32914316604670E+03  3.32468007817309E+04  6.01232650411234E+02
  7.03645062490037E+02 -1.73325256890327E+02 -3.94727372314717E-01  2.00985328567605E+03
  2.46693677690063E+03 -1.12752720625545E+04  8.34890629689870E+03  1.28501807668419E+03
  9.85819952287582E+02 -1.14376678260981E+04  3.19982908237145E+04 -6.62621580833917E+04
  1.77334407594186E+04 -1.76214984046822E+04 -9.43684074139338E+03  2.51359409352162E+04
 -7.00378594856579E+04 -6.27604640753655E+03 -6.90172959855236E+02  4.32584729730868E+03
  7.26866217283263E+03  4.35821943810679E+03  4.34883989864981E+03 -1.14659647271653E+04
 -3.79732139862786E+03  5.13609458952587E+03 -1.03547606847226E+04 -7.26112355171764E+03
  6.00713408110273E+03  7.51114485830677E+03  7.69576980169247E+04 -1.86169506389297E+04
 -1.57659545198243E+04 -4.71273606523060E+04  4.04735759399819E+04 -2.01263861775239E+03
  1.04852768706720E+04  1.02816215616380E+04 -1.51046669123425E+04 -7.34832861812316E+03
  1.81505132868505E+04 -3.36517051102929E+04 -6.82787040226967E+03  8.78700657564166E+00
  1.81684717903479E+02  2.08400946942923E+02 -2.99924165115314E+02 -4.36328692170371E+03
 -4.61525494791377E+02 -2.21939691816476E+03 -2.43349341751404E+03  3.69476785004935E+03
 -1.53340083820426E+02 -2.55718665472969E+01  1.08678505407258E+03  1.85290743747418E+02
  9.51050403392124E+03 -9.33658370702840E+03 -7.97894824377471E+03  9.21070791962603E+03
 -4.07113609941416E+02 -5.42970611617672E+03  2.93011776134563E+02  1.00797015464364E+04
  8.17254266182351E+03 -7.59006363732286E+03  3.03432114684896E+03  7.98071542139328E+01
 -5.12994561981004E+03 -5.09288372568680E+03  3.44306639877280E+03 -2.42123377163353E+04
  2.85530562887925E+04 -4.31051149258700E+04  8.58076429519779E+03 -3.27894872541412E+03
 -1.21276595066542E+04  5.94940335624916E+04  3.44674334704108E+04 -3.72117109815030E+04
 -8.09638786552960E+02  8.96286152182728E+03 -1.77924062737517E+02 -1.48191424024825E+04
 -1.05693291475527E+04  9.98583006021211E+03 -4.70580130410427E+03 -6.42818541854029E+00
  1.67454149066825E+04  1.06908679121963E+04 -3.29376687822045E+04  5.82946702284016E+04
  6.25238416479056E+03  8.13045894450633E+03 -2.18051567355307E+04  1.13031157028127E+04
  4.53690729555074E+03  1.96006973362459E+04  1.13098606149967E+04 -5.24589507642043E+03
 -3.21092300639449E+03  1.20253632773191E+03  2.52191224148681E+01 -2.50700650125373E+00
  7.29236395517903E+00  1.02775923920014E+01 -1.76014818398448E+02 -9.80509763549554E+01
 -6.66596326215734E+01  3.89297987440563E+02  7.14054545445159E+02 -3.98143383376815E+02
  1.08609057225472E+02 -1.52433644493185E+00  3.87460738002390E+02  5.08789102825964E+02
  1.41571102168967E+02 -2.31964077523481E+03 -2.75106096464849E+03  1.71196119329360E+03
 -2.78960850717125E+02  3.49434353220996E+01  1.40625514601317E+02 -2.13484765997012E+03
 -2.68671546609286E+03  1.25339066527270E+02 -2.68241196072228E+02 -2.94333293632143E+01
  2.00699950339091E+02 -5.65031516915210E+02 -2.79009336275112E+03 -2.29567109457063E+03
  2.78285827729550E+03 -3.66630088700860E+03 -7.57597066939382E+02  2.75625889519586E+03
 -9.64438942115654E+01 -1.02403418907310E+03  7.62986004598349E+02 -1.92088932733883E+03
  3.06664163894465E+02 -4.09151851097750E+01 -1.65605065914761E+02  5.75628274302649E+03
  3.66974887587349E+03 -7.90249016534624E+02  2.59451298650050E+03  1.06991126444198E+02
  3.22906343758965E+03 -1.39596893963010E+03  3.98672461867272E+03  3.78392566961934E+03
 -5.59635420182867E+03 -1.96964479723721E+03  7.30140124476200E+03 -7.58240353098832E+02
 -2.79735627643495E+03 -5.10003201674086E+03  6.31044440369631E+02  2.54598443191398E+03
  4.67008530191899E+02 -2.70178319971831E+03 -1.08488450864034E+01 -4.35360359697052E+02
 -3.35816525101475E+03  1.82439149968731E+03 -5.86508833264970E+03 -1.21852101663752E+04
  9.60225440149727E+03 -3.51245069552882E+01 -7.17764796461927E+02  4.34240630512608E+03
 -1.66824317993976E+04 -4.19068482326246E+04  2.94039080967948E+04  7.10803498776030E+03
 -4.68685189409213E+03  1.25884845971750E+02  1.19705457000085E+04  7.25429892493154E+03
 -8.79734467565080E+03 -1.56573512989501E+03 -7.29770005025705E+01  3.61239541214903E+04
  3.02984163540405E+04 -1.62504585841105E+04  4.76368532165963E+03 -8.43855508356308E+03
 -2.18856681128617E+03  2.05991840785495E+04  1.02291207442230E+04 -6.27745524067439E+03
 -2.51527145545679E+04 -7.36762151061273E+03  6.66664043956584E+03  5.85699440700802E+02
  7.39492239480801E+02 -1.51839127930984E+01  9.16295514301040E+01 -4.69357664404758E+03
 -1.33958589916186E+03 -1.41530263333732E+03 -4.10342090222402E+03 -7.57040196129693E+01
  8.13238733897756E+03  1.37181045751409E+04 -2.11941256518580E+04  6.88232191858576E+03
  6.45065546012482E+03  1.60603688964763E+03 -1.37524630805421E+04  3.17038302898979E+04
  2.21754169828946E+03  1.11201615654846E+04 -1.88010627258093E+04 -2.08782490720939E+03
 -3.53436798281402E+03  4.47160674565106E+03  1.23901697147633E+01 -2.48738034788962E+02
  4.06282926278020E+02  2.54100391922087E+02  2.50368397720476E+01  1.19629745031985E+03
 -4.62827109858071E+04  2.40562474104830E+03 -2.29243081663730E+03 -1.26211482726476E+03
 -3.34932253921035E+02  3.37928791423486E+02 -5.51444985611511E+02  9.05906699532602E+02
 -1.98130126837333E+03 -1.90595836855837E+03  4.68427153780339E+04  4.58488848324285E+04
 -4.03145004177194E+04 -4.53993279186832E+02 -1.45684270594904E+02  5.26429317162883E+04
  4.89486894769007E+03  1.65302269802638E+04  2.51348087487842E+04 -1.43385283544253E+03
  1.03528806899544E+03 -4.17648248492963E+03  2.11300366432361E+03 -2.81401782592595E+04
  1.11077437963801E+04 -6.14517100541293E+04  1.43651578755990E+04 -1.36642534550869E+04
 -7.30152576024483E+03 -5.06504653223977E+02 -2.06465829246075E+02  4.22704666296576E+02
  3.89316401716842E+03  8.48140671113792E+01 -2.85413902380508E+03 -9.23328711973289E+03
  2.64852179633502E+03  3.77094599886775E+03 -3.29337539413007E+03 -3.66743679421708E+02
  5.27394611683570E+03 -6.81882720063394E+00 -5.32030476898768E+03  7.96528614263584E+02
 -1.20021289509103E+04 -2.29157960199315E+04  9.89624204833779E+03 -6.77176073846083E+02
  1.71076936242402E+03  1.19067503550947E+04 -3.08596703241073E+04 -1.70029239685997E+04
  2.30827264405567E+04  1.05081210807974E+04 -8.45761397195425E+03 -1.24037952219645E+01
  1.45703234708279E+02  6.68933407441917E+00  2.84791722907769E+02 -5.06056318535201E+00
 -3.92767040059850E+02  8.11215378745253E+01  2.46596395725700E+03  4.86013433186730E+01
  3.32361547696421E+01  1.91861887002972E+02 -3.81643691849481E+01 -6.54117885310974E+02
 -8.06365991546585E+02 -4.42795054511928E+01 -1.07338337865955E+03 -5.09285201942260E+02
  3.53316264544532E+02 -1.44921890389375E+03  1.75722535544946E+01  9.06579588919992E+03
  6.11488948816702E+03  1.39087228550798E+04 -7.58855700360535E+03 -4.56987551724024E+03
  1.60463938265671E+03  4.87392795143029E+03 -5.14021314328492E+04  3.69313727391678E+03
 -5.02174282108649E+03 -1.15692947302759E+04 -1.59665166954725E+04  1.37048481528297E+04
  1.99947512593774E+04 -1.66662194826675E+02 -1.97884857138231E+02  3.83217017778265E+03
  5.43802820378512E+02 -9.13899755385968E+02 -4.41979307341851E+03 -4.59163228749376E+02
 -5.33412061863988E+03 -4.42287917896768E+03  3.55988139756272E+03 -2.06861638285959E+03
  2.15112397505941E+01  1.90960679225389E+04 -1.58327457257195E+03  4.50362005886943E+03
 -9.27977449418432E+03  2.21461286100905E+04 -1.52654708059917E+04 -1.27785542325561E+04
  2.10898104324349E+02  1.91905620957175E+02  5.27390446705598E+03  3.07817584916118E+03
 -2.60830282542560E+03  5.28644024868031E+03 -3.52418826855308E+01 -2.62536193385102E+01
  1.66832438989908E+03 -2.69858400095169E+02 -1.45651560322809E+03 -3.85679187061549E+01
 -3.90897315001900E+03  8.62859690884476E+02 -1.23707592295859E+03 -1.10731848203038E+03
 -4.23430062414640E+02 -3.81374697934064E+02  3.56829093416106E+02  1.05233706009958E+04
  9.00585411432191E+02 -7.30881019122578E+02  4.34804060107543E+03  2.15812154086355E+03
 -3.58935990516251E+03 -8.91014783555366E+03  3.77239947328063E+02  3.50421219913408E+02
 -3.32914032159645E+03 -5.14097962479852E+02  1.16911750418800E+03  1.57132255062131E+03
 -1.62197096523116E+03 -1.04982269518982E+03  2.36269890343200E+03  9.86229112505126E+02
  6.04837421773594E+02  1.15022061387745E+03  1.62518090084336E+03 -7.14512272570249E+02
 -2.19477925264452E+03 -1.36774346774617E+02 -2.66274462691149E+03 -1.42195599088201E+04
  1.92981500953009E+04  1.09618175521450E+03 -1.15005122772697E+03 -8.21208713503696E+01
  7.55979501108614E+02 -2.66208634994551E+01 -8.35615521215133E+02 -2.94004664689160E+01
 -2.60272535088715E+03  1.56285152873510E+02 -5.56240828767597E+03  8.12988898544373E+02
  2.04839064591576E+03 -5.04721072680252E+02 -2.30200323196785E+03  1.06229215742972E+04
  2.91986823109056E+03  2.47182497172963E+03  4.15636613814497E+03  7.08415308416753E+03
 -6.11969775603419E+03 -9.66639793217449E+03 -1.36722511451211E+00 -2.12233224174447E+02
 -2.44067816173041E+03 -1.69032954587664E+02  2.01578266263526E+03  7.92102970671364E+02
  2.77562907374036E+03 -2.93212737736931E+03  1.47598573700638E+04 -1.95009241729239E+03
 -3.43909948925628E+03  2.79506609095717E+03  4.26904132437008E+03 -1.31962340641376E+04
 -3.49040906972284E+03 -4.57992142930850E+03 -7.79905319243650E+02 -2.29466703228848E+04
  1.66308748327902E+04  6.72196030294673E+03 -1.01908633693962E+02  1.82323158069811E+03
  4.42293574367607E+03  2.47006274691710E+03  1.38068684095014E+04 -7.99216182936081E+03
